2019/03/05 20:50:42 [error] [exception.CHttpException.404] CHttpException: The system is unable to find the requested action "tests". in C:\NewFolder\yii\framework\web\CController.php:483
Stack trace:
#0 C:\NewFolder\yii\framework\web\CController.php(270): CController->missingAction('tests')
#1 C:\NewFolder\yii\framework\web\CWebApplication.php(282): CController->run('tests')
#2 C:\NewFolder\yii\framework\web\CWebApplication.php(141): CWebApplication->runController('post/tests')
#3 C:\NewFolder\yii\framework\base\CApplication.php(180): CWebApplication->processRequest()
#4 C:\xampp\htdocs\FinalApp\index.php(13): CApplication->run()
#5 {main}
REQUEST_URI=/FinalApp/index.php/post/tests
---
2019/03/05 21:21:51 [error] [exception.CHttpException.404] CHttpException: Unable to resolve the request "regster/ins". in C:\NewFolder\yii\framework\web\CWebApplication.php:286
Stack trace:
#0 C:\NewFolder\yii\framework\web\CWebApplication.php(141): CWebApplication->runController('regster/ins')
#1 C:\NewFolder\yii\framework\base\CApplication.php(180): CWebApplication->processRequest()
#2 C:\xampp\htdocs\FinalApp\index.php(13): CApplication->run()
#3 {main}
REQUEST_URI=/FinalApp/index.php/regster/ins?view=ins
---
2019/03/05 21:22:34 [error] [exception.CHttpException.404] CHttpException: Unable to resolve the request "regster/ins". in C:\NewFolder\yii\framework\web\CWebApplication.php:286
Stack trace:
#0 C:\NewFolder\yii\framework\web\CWebApplication.php(141): CWebApplication->runController('regster/ins')
#1 C:\NewFolder\yii\framework\base\CApplication.php(180): CWebApplication->processRequest()
#2 C:\xampp\htdocs\FinalApp\index.php(13): CApplication->run()
#3 {main}
REQUEST_URI=/FinalApp/index.php/regster/ins?view=ins
---
2019/03/05 21:22:42 [error] [exception.CHttpException.404] CHttpException: Unable to resolve the request "regster/ins". in C:\NewFolder\yii\framework\web\CWebApplication.php:286
Stack trace:
#0 C:\NewFolder\yii\framework\web\CWebApplication.php(141): CWebApplication->runController('regster/ins')
#1 C:\NewFolder\yii\framework\base\CApplication.php(180): CWebApplication->processRequest()
#2 C:\xampp\htdocs\FinalApp\index.php(13): CApplication->run()
#3 {main}
REQUEST_URI=/FinalApp/index.php/regster/ins?view=ins
---
2019/03/05 21:24:56 [error] [php] Undefined variable: model (C:\xampp\htdocs\FinalApp\protected\views\register\ins.php:4)
Stack trace:
#0 C:\NewFolder\yii\framework\web\CController.php(869): RegisterController->renderFile()
#1 C:\NewFolder\yii\framework\web\CController.php(782): RegisterController->renderPartial()
#2 C:\xampp\htdocs\FinalApp\protected\controllers\RegisterController.php(13): RegisterController->render()
#3 C:\NewFolder\yii\framework\web\actions\CInlineAction.php(49): RegisterController->actionIns()
#4 C:\NewFolder\yii\framework\web\CController.php(308): CInlineAction->runWithParams()
#5 C:\NewFolder\yii\framework\web\CController.php(286): RegisterController->runAction()
#6 C:\NewFolder\yii\framework\web\CController.php(265): RegisterController->runActionWithFilters()
#7 C:\NewFolder\yii\framework\web\CWebApplication.php(282): RegisterController->run()
#8 C:\NewFolder\yii\framework\web\CWebApplication.php(141): CWebApplication->runController()
#9 C:\NewFolder\yii\framework\base\CApplication.php(180): CWebApplication->processRequest()
#10 C:\xampp\htdocs\FinalApp\index.php(13): CWebApplication->run()
REQUEST_URI=/FinalApp/index.php/register/ins?view=ins
in C:\xampp\htdocs\FinalApp\protected\views\register\ins.php (4)
in C:\xampp\htdocs\FinalApp\protected\controllers\RegisterController.php (13)
in C:\xampp\htdocs\FinalApp\index.php (13)
2019/03/05 21:28:37 [error] [php] Undefined variable: model (C:\xampp\htdocs\FinalApp\protected\views\register\ins.php:4)
Stack trace:
#0 C:\NewFolder\yii\framework\web\CController.php(869): RegisterController->renderFile()
#1 C:\NewFolder\yii\framework\web\CController.php(782): RegisterController->renderPartial()
#2 C:\xampp\htdocs\FinalApp\protected\controllers\RegisterController.php(13): RegisterController->render()
#3 C:\NewFolder\yii\framework\web\actions\CInlineAction.php(49): RegisterController->actionIns()
#4 C:\NewFolder\yii\framework\web\CController.php(308): CInlineAction->runWithParams()
#5 C:\NewFolder\yii\framework\web\CController.php(286): RegisterController->runAction()
#6 C:\NewFolder\yii\framework\web\CController.php(265): RegisterController->runActionWithFilters()
#7 C:\NewFolder\yii\framework\web\CWebApplication.php(282): RegisterController->run()
#8 C:\NewFolder\yii\framework\web\CWebApplication.php(141): CWebApplication->runController()
#9 C:\NewFolder\yii\framework\base\CApplication.php(180): CWebApplication->processRequest()
#10 C:\xampp\htdocs\FinalApp\index.php(13): CWebApplication->run()
REQUEST_URI=/FinalApp/index.php/register/ins?view=ins
in C:\xampp\htdocs\FinalApp\protected\views\register\ins.php (4)
in C:\xampp\htdocs\FinalApp\protected\controllers\RegisterController.php (13)
in C:\xampp\htdocs\FinalApp\index.php (13)
2019/03/05 21:28:40 [error] [php] Undefined variable: model (C:\xampp\htdocs\FinalApp\protected\views\register\ins.php:4)
Stack trace:
#0 C:\NewFolder\yii\framework\web\CController.php(869): RegisterController->renderFile()
#1 C:\NewFolder\yii\framework\web\CController.php(782): RegisterController->renderPartial()
#2 C:\xampp\htdocs\FinalApp\protected\controllers\RegisterController.php(13): RegisterController->render()
#3 C:\NewFolder\yii\framework\web\actions\CInlineAction.php(49): RegisterController->actionIns()
#4 C:\NewFolder\yii\framework\web\CController.php(308): CInlineAction->runWithParams()
#5 C:\NewFolder\yii\framework\web\CController.php(286): RegisterController->runAction()
#6 C:\NewFolder\yii\framework\web\CController.php(265): RegisterController->runActionWithFilters()
#7 C:\NewFolder\yii\framework\web\CWebApplication.php(282): RegisterController->run()
#8 C:\NewFolder\yii\framework\web\CWebApplication.php(141): CWebApplication->runController()
#9 C:\NewFolder\yii\framework\base\CApplication.php(180): CWebApplication->processRequest()
#10 C:\xampp\htdocs\FinalApp\index.php(13): CWebApplication->run()
REQUEST_URI=/FinalApp/index.php/register/ins?view=ins
in C:\xampp\htdocs\FinalApp\protected\views\register\ins.php (4)
in C:\xampp\htdocs\FinalApp\protected\controllers\RegisterController.php (13)
in C:\xampp\htdocs\FinalApp\index.php (13)
2019/03/05 21:31:04 [error] [php] Undefined variable: model (C:\xampp\htdocs\FinalApp\protected\views\register\ins.php:4)
Stack trace:
#0 C:\NewFolder\yii\framework\web\CController.php(869): RegisterController->renderFile()
#1 C:\NewFolder\yii\framework\web\CController.php(782): RegisterController->renderPartial()
#2 C:\xampp\htdocs\FinalApp\protected\controllers\RegisterController.php(13): RegisterController->render()
#3 C:\NewFolder\yii\framework\web\actions\CInlineAction.php(49): RegisterController->actionIns()
#4 C:\NewFolder\yii\framework\web\CController.php(308): CInlineAction->runWithParams()
#5 C:\NewFolder\yii\framework\web\CController.php(286): RegisterController->runAction()
#6 C:\NewFolder\yii\framework\web\CController.php(265): RegisterController->runActionWithFilters()
#7 C:\NewFolder\yii\framework\web\CWebApplication.php(282): RegisterController->run()
#8 C:\NewFolder\yii\framework\web\CWebApplication.php(141): CWebApplication->runController()
#9 C:\NewFolder\yii\framework\base\CApplication.php(180): CWebApplication->processRequest()
#10 C:\xampp\htdocs\FinalApp\index.php(13): CWebApplication->run()
REQUEST_URI=/FinalApp/index.php/register/ins?view=ins
in C:\xampp\htdocs\FinalApp\protected\views\register\ins.php (4)
in C:\xampp\htdocs\FinalApp\protected\controllers\RegisterController.php (13)
in C:\xampp\htdocs\FinalApp\index.php (13)
2019/03/05 21:31:06 [error] [php] Undefined variable: model (C:\xampp\htdocs\FinalApp\protected\views\register\ins.php:4)
Stack trace:
#0 C:\NewFolder\yii\framework\web\CController.php(869): RegisterController->renderFile()
#1 C:\NewFolder\yii\framework\web\CController.php(782): RegisterController->renderPartial()
#2 C:\xampp\htdocs\FinalApp\protected\controllers\RegisterController.php(13): RegisterController->render()
#3 C:\NewFolder\yii\framework\web\actions\CInlineAction.php(49): RegisterController->actionIns()
#4 C:\NewFolder\yii\framework\web\CController.php(308): CInlineAction->runWithParams()
#5 C:\NewFolder\yii\framework\web\CController.php(286): RegisterController->runAction()
#6 C:\NewFolder\yii\framework\web\CController.php(265): RegisterController->runActionWithFilters()
#7 C:\NewFolder\yii\framework\web\CWebApplication.php(282): RegisterController->run()
#8 C:\NewFolder\yii\framework\web\CWebApplication.php(141): CWebApplication->runController()
#9 C:\NewFolder\yii\framework\base\CApplication.php(180): CWebApplication->processRequest()
#10 C:\xampp\htdocs\FinalApp\index.php(13): CWebApplication->run()
REQUEST_URI=/FinalApp/index.php/register/ins?view=ins
in C:\xampp\htdocs\FinalApp\protected\views\register\ins.php (4)
in C:\xampp\htdocs\FinalApp\protected\controllers\RegisterController.php (13)
in C:\xampp\htdocs\FinalApp\index.php (13)
2019/03/05 21:34:55 [error] [php] Undefined variable: model (C:\xampp\htdocs\FinalApp\protected\views\register\ins.php:4)
Stack trace:
#0 C:\NewFolder\yii\framework\web\CController.php(869): RegisterController->renderFile()
#1 C:\NewFolder\yii\framework\web\CController.php(782): RegisterController->renderPartial()
#2 C:\xampp\htdocs\FinalApp\protected\controllers\RegisterController.php(7): RegisterController->render()
#3 C:\NewFolder\yii\framework\web\actions\CInlineAction.php(49): RegisterController->actionIns()
#4 C:\NewFolder\yii\framework\web\CController.php(308): CInlineAction->runWithParams()
#5 C:\NewFolder\yii\framework\web\CController.php(286): RegisterController->runAction()
#6 C:\NewFolder\yii\framework\web\CController.php(265): RegisterController->runActionWithFilters()
#7 C:\NewFolder\yii\framework\web\CWebApplication.php(282): RegisterController->run()
#8 C:\NewFolder\yii\framework\web\CWebApplication.php(141): CWebApplication->runController()
#9 C:\NewFolder\yii\framework\base\CApplication.php(180): CWebApplication->processRequest()
#10 C:\xampp\htdocs\FinalApp\index.php(13): CWebApplication->run()
REQUEST_URI=/FinalApp/index.php/register/ins?view=ins
in C:\xampp\htdocs\FinalApp\protected\views\register\ins.php (4)
in C:\xampp\htdocs\FinalApp\protected\controllers\RegisterController.php (7)
in C:\xampp\htdocs\FinalApp\index.php (13)
2019/03/05 21:39:13 [error] [exception.CHttpException.404] CHttpException: Unable to resolve the request "Downloads/king-1507392_640.jpg". in C:\NewFolder\yii\framework\web\CWebApplication.php:286
Stack trace:
#0 C:\NewFolder\yii\framework\web\CWebApplication.php(141): CWebApplication->runController('Downloads/king-...')
#1 C:\NewFolder\yii\framework\base\CApplication.php(180): CWebApplication->processRequest()
#2 C:\xampp\htdocs\FinalApp\index.php(13): CApplication->run()
#3 {main}
REQUEST_URI=/FinalApp/index.php/Downloads/king-1507392_640.jpg
HTTP_REFERER=http://localhost/FinalApp/index.php/register/ins?view=ins
---
2019/03/05 21:55:23 [error] [php] Undefined index: insert (C:\xampp\htdocs\FinalApp\protected\views\register\ins.php:2)
Stack trace:
#0 C:\NewFolder\yii\framework\web\CController.php(869): RegisterController->renderFile()
#1 C:\NewFolder\yii\framework\web\CController.php(782): RegisterController->renderPartial()
#2 C:\xampp\htdocs\FinalApp\protected\controllers\RegisterController.php(7): RegisterController->render()
#3 C:\NewFolder\yii\framework\web\actions\CInlineAction.php(49): RegisterController->actionIns()
#4 C:\NewFolder\yii\framework\web\CController.php(308): CInlineAction->runWithParams()
#5 C:\NewFolder\yii\framework\web\CController.php(286): RegisterController->runAction()
#6 C:\NewFolder\yii\framework\web\CController.php(265): RegisterController->runActionWithFilters()
#7 C:\NewFolder\yii\framework\web\CWebApplication.php(282): RegisterController->run()
#8 C:\NewFolder\yii\framework\web\CWebApplication.php(141): CWebApplication->runController()
#9 C:\NewFolder\yii\framework\base\CApplication.php(180): CWebApplication->processRequest()
#10 C:\xampp\htdocs\FinalApp\index.php(13): CWebApplication->run()
REQUEST_URI=/FinalApp/index.php/register/ins?view=ins
in C:\xampp\htdocs\FinalApp\protected\views\register\ins.php (2)
in C:\xampp\htdocs\FinalApp\protected\controllers\RegisterController.php (7)
in C:\xampp\htdocs\FinalApp\index.php (13)
2019/03/05 21:55:31 [error] [php] Undefined index: insert (C:\xampp\htdocs\FinalApp\protected\views\register\ins.php:2)
Stack trace:
#0 C:\NewFolder\yii\framework\web\CController.php(869): RegisterController->renderFile()
#1 C:\NewFolder\yii\framework\web\CController.php(782): RegisterController->renderPartial()
#2 C:\xampp\htdocs\FinalApp\protected\controllers\RegisterController.php(7): RegisterController->render()
#3 C:\NewFolder\yii\framework\web\actions\CInlineAction.php(49): RegisterController->actionIns()
#4 C:\NewFolder\yii\framework\web\CController.php(308): CInlineAction->runWithParams()
#5 C:\NewFolder\yii\framework\web\CController.php(286): RegisterController->runAction()
#6 C:\NewFolder\yii\framework\web\CController.php(265): RegisterController->runActionWithFilters()
#7 C:\NewFolder\yii\framework\web\CWebApplication.php(282): RegisterController->run()
#8 C:\NewFolder\yii\framework\web\CWebApplication.php(141): CWebApplication->runController()
#9 C:\NewFolder\yii\framework\base\CApplication.php(180): CWebApplication->processRequest()
#10 C:\xampp\htdocs\FinalApp\index.php(13): CWebApplication->run()
REQUEST_URI=/FinalApp/index.php/register/ins?view=ins
in C:\xampp\htdocs\FinalApp\protected\views\register\ins.php (2)
in C:\xampp\htdocs\FinalApp\protected\controllers\RegisterController.php (7)
in C:\xampp\htdocs\FinalApp\index.php (13)
2019/03/05 21:56:20 [error] [php] Undefined index: register (C:\xampp\htdocs\FinalApp\protected\views\register\ins.php:2)
Stack trace:
#0 C:\NewFolder\yii\framework\web\CController.php(869): RegisterController->renderFile()
#1 C:\NewFolder\yii\framework\web\CController.php(782): RegisterController->renderPartial()
#2 C:\xampp\htdocs\FinalApp\protected\controllers\RegisterController.php(7): RegisterController->render()
#3 C:\NewFolder\yii\framework\web\actions\CInlineAction.php(49): RegisterController->actionIns()
#4 C:\NewFolder\yii\framework\web\CController.php(308): CInlineAction->runWithParams()
#5 C:\NewFolder\yii\framework\web\CController.php(286): RegisterController->runAction()
#6 C:\NewFolder\yii\framework\web\CController.php(265): RegisterController->runActionWithFilters()
#7 C:\NewFolder\yii\framework\web\CWebApplication.php(282): RegisterController->run()
#8 C:\NewFolder\yii\framework\web\CWebApplication.php(141): CWebApplication->runController()
#9 C:\NewFolder\yii\framework\base\CApplication.php(180): CWebApplication->processRequest()
#10 C:\xampp\htdocs\FinalApp\index.php(13): CWebApplication->run()
REQUEST_URI=/FinalApp/index.php/register/ins?view=ins
in C:\xampp\htdocs\FinalApp\protected\views\register\ins.php (2)
in C:\xampp\htdocs\FinalApp\protected\controllers\RegisterController.php (7)
in C:\xampp\htdocs\FinalApp\index.php (13)
2019/03/05 21:56:23 [error] [php] Undefined index: register (C:\xampp\htdocs\FinalApp\protected\views\register\ins.php:2)
Stack trace:
#0 C:\NewFolder\yii\framework\web\CController.php(869): RegisterController->renderFile()
#1 C:\NewFolder\yii\framework\web\CController.php(782): RegisterController->renderPartial()
#2 C:\xampp\htdocs\FinalApp\protected\controllers\RegisterController.php(7): RegisterController->render()
#3 C:\NewFolder\yii\framework\web\actions\CInlineAction.php(49): RegisterController->actionIns()
#4 C:\NewFolder\yii\framework\web\CController.php(308): CInlineAction->runWithParams()
#5 C:\NewFolder\yii\framework\web\CController.php(286): RegisterController->runAction()
#6 C:\NewFolder\yii\framework\web\CController.php(265): RegisterController->runActionWithFilters()
#7 C:\NewFolder\yii\framework\web\CWebApplication.php(282): RegisterController->run()
#8 C:\NewFolder\yii\framework\web\CWebApplication.php(141): CWebApplication->runController()
#9 C:\NewFolder\yii\framework\base\CApplication.php(180): CWebApplication->processRequest()
#10 C:\xampp\htdocs\FinalApp\index.php(13): CWebApplication->run()
REQUEST_URI=/FinalApp/index.php/register/ins?view=ins
in C:\xampp\htdocs\FinalApp\protected\views\register\ins.php (2)
in C:\xampp\htdocs\FinalApp\protected\controllers\RegisterController.php (7)
in C:\xampp\htdocs\FinalApp\index.php (13)
2019/03/05 21:57:49 [error] [php] Undefined index: register (C:\xampp\htdocs\FinalApp\protected\views\register\ins.php:2)
Stack trace:
#0 C:\NewFolder\yii\framework\web\CController.php(869): RegisterController->renderFile()
#1 C:\NewFolder\yii\framework\web\CController.php(782): RegisterController->renderPartial()
#2 C:\xampp\htdocs\FinalApp\protected\controllers\RegisterController.php(7): RegisterController->render()
#3 C:\NewFolder\yii\framework\web\actions\CInlineAction.php(49): RegisterController->actionIns()
#4 C:\NewFolder\yii\framework\web\CController.php(308): CInlineAction->runWithParams()
#5 C:\NewFolder\yii\framework\web\CController.php(286): RegisterController->runAction()
#6 C:\NewFolder\yii\framework\web\CController.php(265): RegisterController->runActionWithFilters()
#7 C:\NewFolder\yii\framework\web\CWebApplication.php(282): RegisterController->run()
#8 C:\NewFolder\yii\framework\web\CWebApplication.php(141): CWebApplication->runController()
#9 C:\NewFolder\yii\framework\base\CApplication.php(180): CWebApplication->processRequest()
#10 C:\xampp\htdocs\FinalApp\index.php(13): CWebApplication->run()
REQUEST_URI=/FinalApp/index.php/register/ins?view=ins
in C:\xampp\htdocs\FinalApp\protected\views\register\ins.php (2)
in C:\xampp\htdocs\FinalApp\protected\controllers\RegisterController.php (7)
in C:\xampp\htdocs\FinalApp\index.php (13)
2019/03/05 21:59:22 [error] [php] Undefined index: register (C:\xampp\htdocs\FinalApp\protected\views\register\ins.php:2)
Stack trace:
#0 C:\NewFolder\yii\framework\web\CController.php(869): RegisterController->renderFile()
#1 C:\NewFolder\yii\framework\web\CController.php(782): RegisterController->renderPartial()
#2 C:\xampp\htdocs\FinalApp\protected\controllers\RegisterController.php(7): RegisterController->render()
#3 C:\NewFolder\yii\framework\web\actions\CInlineAction.php(49): RegisterController->actionIns()
#4 C:\NewFolder\yii\framework\web\CController.php(308): CInlineAction->runWithParams()
#5 C:\NewFolder\yii\framework\web\CController.php(286): RegisterController->runAction()
#6 C:\NewFolder\yii\framework\web\CController.php(265): RegisterController->runActionWithFilters()
#7 C:\NewFolder\yii\framework\web\CWebApplication.php(282): RegisterController->run()
#8 C:\NewFolder\yii\framework\web\CWebApplication.php(141): CWebApplication->runController()
#9 C:\NewFolder\yii\framework\base\CApplication.php(180): CWebApplication->processRequest()
#10 C:\xampp\htdocs\FinalApp\index.php(13): CWebApplication->run()
REQUEST_URI=/FinalApp/index.php/register/ins?view=ins
in C:\xampp\htdocs\FinalApp\protected\views\register\ins.php (2)
in C:\xampp\htdocs\FinalApp\protected\controllers\RegisterController.php (7)
in C:\xampp\htdocs\FinalApp\index.php (13)
2019/03/06 06:00:52 [error] [exception.CHttpException.404] CHttpException: The system is unable to find the requested action "index.php". in C:\NewFolder\yii\framework\web\CController.php:483
Stack trace:
#0 C:\NewFolder\yii\framework\web\CController.php(270): CController->missingAction('index.php')
#1 C:\NewFolder\yii\framework\web\CWebApplication.php(282): CController->run('index.php')
#2 C:\NewFolder\yii\framework\web\CWebApplication.php(141): CWebApplication->runController('site/index.php')
#3 C:\NewFolder\yii\framework\base\CApplication.php(180): CWebApplication->processRequest()
#4 C:\xampp\htdocs\FinalApp\index.php(13): CApplication->run()
#5 {main}
REQUEST_URI=/FinalApp/index.php/site/index.php?r=gii
---
2019/03/06 06:10:03 [error] [exception.CHttpException.404] CHttpException: The system is unable to find the requested action "ins". in C:\NewFolder\yii\framework\web\CController.php:483
Stack trace:
#0 C:\NewFolder\yii\framework\web\CController.php(270): CController->missingAction('ins')
#1 C:\NewFolder\yii\framework\web\CWebApplication.php(282): CController->run('ins')
#2 C:\NewFolder\yii\framework\web\CWebApplication.php(141): CWebApplication->runController('register/ins')
#3 C:\NewFolder\yii\framework\base\CApplication.php(180): CWebApplication->processRequest()
#4 C:\xampp\htdocs\FinalApp\index.php(13): CApplication->run()
#5 {main}
REQUEST_URI=/FinalApp/index.php/register/ins?view=ins
HTTP_REFERER=http://localhost/FinalApp/index.php/site/login
---
2019/03/06 06:10:07 [error] [exception.CHttpException.404] CHttpException: The system is unable to find the requested action "ins". in C:\NewFolder\yii\framework\web\CController.php:483
Stack trace:
#0 C:\NewFolder\yii\framework\web\CController.php(270): CController->missingAction('ins')
#1 C:\NewFolder\yii\framework\web\CWebApplication.php(282): CController->run('ins')
#2 C:\NewFolder\yii\framework\web\CWebApplication.php(141): CWebApplication->runController('register/ins')
#3 C:\NewFolder\yii\framework\base\CApplication.php(180): CWebApplication->processRequest()
#4 C:\xampp\htdocs\FinalApp\index.php(13): CApplication->run()
#5 {main}
REQUEST_URI=/FinalApp/index.php/register/ins?view=ins
HTTP_REFERER=http://localhost/FinalApp/index.php/site/login
---
2019/03/06 06:10:09 [error] [exception.CHttpException.404] CHttpException: The system is unable to find the requested action "ins". in C:\NewFolder\yii\framework\web\CController.php:483
Stack trace:
#0 C:\NewFolder\yii\framework\web\CController.php(270): CController->missingAction('ins')
#1 C:\NewFolder\yii\framework\web\CWebApplication.php(282): CController->run('ins')
#2 C:\NewFolder\yii\framework\web\CWebApplication.php(141): CWebApplication->runController('register/ins')
#3 C:\NewFolder\yii\framework\base\CApplication.php(180): CWebApplication->processRequest()
#4 C:\xampp\htdocs\FinalApp\index.php(13): CApplication->run()
#5 {main}
REQUEST_URI=/FinalApp/index.php/register/ins?view=ins
HTTP_REFERER=http://localhost/FinalApp/index.php/register/ins?view=ins
---
2019/03/06 06:11:59 [error] [exception.CHttpException.404] CHttpException: The system is unable to find the requested action "ins". in C:\NewFolder\yii\framework\web\CController.php:483
Stack trace:
#0 C:\NewFolder\yii\framework\web\CController.php(270): CController->missingAction('ins')
#1 C:\NewFolder\yii\framework\web\CWebApplication.php(282): CController->run('ins')
#2 C:\NewFolder\yii\framework\web\CWebApplication.php(141): CWebApplication->runController('register/ins')
#3 C:\NewFolder\yii\framework\base\CApplication.php(180): CWebApplication->processRequest()
#4 C:\xampp\htdocs\FinalApp\index.php(13): CApplication->run()
#5 {main}
REQUEST_URI=/FinalApp/index.php/register/ins?view=ins
HTTP_REFERER=http://localhost/FinalApp/index.php/register/ins?view=ins
---
2019/03/06 06:49:14 [error] [exception.ParseError] ParseError: syntax error, unexpected '?>', expecting function (T_FUNCTION) or const (T_CONST) in C:\xampp\htdocs\FinalApp\protected\controllers\UserController.php:17
Stack trace:
#0 C:\NewFolder\yii\framework\web\CWebApplication.php(276): CWebApplication->createController('register/')
#1 C:\NewFolder\yii\framework\web\CWebApplication.php(141): CWebApplication->runController('user/register')
#2 C:\NewFolder\yii\framework\base\CApplication.php(180): CWebApplication->processRequest()
#3 C:\xampp\htdocs\FinalApp\index.php(13): CApplication->run()
#4 {main}
REQUEST_URI=/FinalApp/index.php/user/register
---
2019/03/06 06:49:53 [error] [exception.ParseError] ParseError: syntax error, unexpected end of file, expecting function (T_FUNCTION) or const (T_CONST) in C:\xampp\htdocs\FinalApp\protected\controllers\UserController.php:15
Stack trace:
#0 C:\NewFolder\yii\framework\web\CWebApplication.php(276): CWebApplication->createController('register/')
#1 C:\NewFolder\yii\framework\web\CWebApplication.php(141): CWebApplication->runController('user/register')
#2 C:\NewFolder\yii\framework\base\CApplication.php(180): CWebApplication->processRequest()
#3 C:\xampp\htdocs\FinalApp\index.php(13): CApplication->run()
#4 {main}
REQUEST_URI=/FinalApp/index.php/user/register
---
2019/03/06 06:50:17 [error] [exception.ParseError] ParseError: syntax error, unexpected '?>', expecting function (T_FUNCTION) or const (T_CONST) in C:\xampp\htdocs\FinalApp\protected\controllers\UserController.php:17
Stack trace:
#0 C:\NewFolder\yii\framework\web\CWebApplication.php(276): CWebApplication->createController('register/')
#1 C:\NewFolder\yii\framework\web\CWebApplication.php(141): CWebApplication->runController('user/register')
#2 C:\NewFolder\yii\framework\base\CApplication.php(180): CWebApplication->processRequest()
#3 C:\xampp\htdocs\FinalApp\index.php(13): CApplication->run()
#4 {main}
REQUEST_URI=/FinalApp/index.php/user/register
---
2019/03/06 06:50:18 [error] [exception.ParseError] ParseError: syntax error, unexpected '?>', expecting function (T_FUNCTION) or const (T_CONST) in C:\xampp\htdocs\FinalApp\protected\controllers\UserController.php:17
Stack trace:
#0 C:\NewFolder\yii\framework\web\CWebApplication.php(276): CWebApplication->createController('register/')
#1 C:\NewFolder\yii\framework\web\CWebApplication.php(141): CWebApplication->runController('user/register')
#2 C:\NewFolder\yii\framework\base\CApplication.php(180): CWebApplication->processRequest()
#3 C:\xampp\htdocs\FinalApp\index.php(13): CApplication->run()
#4 {main}
REQUEST_URI=/FinalApp/index.php/user/register
---
2019/03/06 06:50:19 [error] [exception.ParseError] ParseError: syntax error, unexpected '?>', expecting function (T_FUNCTION) or const (T_CONST) in C:\xampp\htdocs\FinalApp\protected\controllers\UserController.php:17
Stack trace:
#0 C:\NewFolder\yii\framework\web\CWebApplication.php(276): CWebApplication->createController('register/')
#1 C:\NewFolder\yii\framework\web\CWebApplication.php(141): CWebApplication->runController('user/register')
#2 C:\NewFolder\yii\framework\base\CApplication.php(180): CWebApplication->processRequest()
#3 C:\xampp\htdocs\FinalApp\index.php(13): CApplication->run()
#4 {main}
REQUEST_URI=/FinalApp/index.php/user/register
---
2019/03/06 06:50:19 [error] [exception.ParseError] ParseError: syntax error, unexpected '?>', expecting function (T_FUNCTION) or const (T_CONST) in C:\xampp\htdocs\FinalApp\protected\controllers\UserController.php:17
Stack trace:
#0 C:\NewFolder\yii\framework\web\CWebApplication.php(276): CWebApplication->createController('register/')
#1 C:\NewFolder\yii\framework\web\CWebApplication.php(141): CWebApplication->runController('user/register')
#2 C:\NewFolder\yii\framework\base\CApplication.php(180): CWebApplication->processRequest()
#3 C:\xampp\htdocs\FinalApp\index.php(13): CApplication->run()
#4 {main}
REQUEST_URI=/FinalApp/index.php/user/register
---
2019/03/06 06:50:19 [error] [exception.ParseError] ParseError: syntax error, unexpected '?>', expecting function (T_FUNCTION) or const (T_CONST) in C:\xampp\htdocs\FinalApp\protected\controllers\UserController.php:17
Stack trace:
#0 C:\NewFolder\yii\framework\web\CWebApplication.php(276): CWebApplication->createController('register/')
#1 C:\NewFolder\yii\framework\web\CWebApplication.php(141): CWebApplication->runController('user/register')
#2 C:\NewFolder\yii\framework\base\CApplication.php(180): CWebApplication->processRequest()
#3 C:\xampp\htdocs\FinalApp\index.php(13): CApplication->run()
#4 {main}
REQUEST_URI=/FinalApp/index.php/user/register
---
2019/03/06 06:51:55 [error] [exception.ParseError] ParseError: syntax error, unexpected '?>', expecting function (T_FUNCTION) or const (T_CONST) in C:\xampp\htdocs\FinalApp\protected\controllers\UserController.php:17
Stack trace:
#0 C:\NewFolder\yii\framework\web\CWebApplication.php(276): CWebApplication->createController('register/')
#1 C:\NewFolder\yii\framework\web\CWebApplication.php(141): CWebApplication->runController('user/register')
#2 C:\NewFolder\yii\framework\base\CApplication.php(180): CWebApplication->processRequest()
#3 C:\xampp\htdocs\FinalApp\index.php(13): CApplication->run()
#4 {main}
REQUEST_URI=/FinalApp/index.php/user/register
---
2019/03/06 06:53:25 [error] [exception.ParseError] ParseError: syntax error, unexpected end of file, expecting function (T_FUNCTION) or const (T_CONST) in C:\xampp\htdocs\FinalApp\protected\controllers\UserController.php:15
Stack trace:
#0 C:\NewFolder\yii\framework\web\CWebApplication.php(276): CWebApplication->createController('register/')
#1 C:\NewFolder\yii\framework\web\CWebApplication.php(141): CWebApplication->runController('user/register')
#2 C:\NewFolder\yii\framework\base\CApplication.php(180): CWebApplication->processRequest()
#3 C:\xampp\htdocs\FinalApp\index.php(13): CApplication->run()
#4 {main}
REQUEST_URI=/FinalApp/index.php/user/register
---
2019/03/06 06:53:26 [error] [exception.ParseError] ParseError: syntax error, unexpected end of file, expecting function (T_FUNCTION) or const (T_CONST) in C:\xampp\htdocs\FinalApp\protected\controllers\UserController.php:15
Stack trace:
#0 C:\NewFolder\yii\framework\web\CWebApplication.php(276): CWebApplication->createController('register/')
#1 C:\NewFolder\yii\framework\web\CWebApplication.php(141): CWebApplication->runController('user/register')
#2 C:\NewFolder\yii\framework\base\CApplication.php(180): CWebApplication->processRequest()
#3 C:\xampp\htdocs\FinalApp\index.php(13): CApplication->run()
#4 {main}
REQUEST_URI=/FinalApp/index.php/user/register
---
2019/03/06 06:53:26 [error] [exception.ParseError] ParseError: syntax error, unexpected end of file, expecting function (T_FUNCTION) or const (T_CONST) in C:\xampp\htdocs\FinalApp\protected\controllers\UserController.php:15
Stack trace:
#0 C:\NewFolder\yii\framework\web\CWebApplication.php(276): CWebApplication->createController('register/')
#1 C:\NewFolder\yii\framework\web\CWebApplication.php(141): CWebApplication->runController('user/register')
#2 C:\NewFolder\yii\framework\base\CApplication.php(180): CWebApplication->processRequest()
#3 C:\xampp\htdocs\FinalApp\index.php(13): CApplication->run()
#4 {main}
REQUEST_URI=/FinalApp/index.php/user/register
---
2019/03/06 06:53:27 [error] [exception.ParseError] ParseError: syntax error, unexpected end of file, expecting function (T_FUNCTION) or const (T_CONST) in C:\xampp\htdocs\FinalApp\protected\controllers\UserController.php:15
Stack trace:
#0 C:\NewFolder\yii\framework\web\CWebApplication.php(276): CWebApplication->createController('register/')
#1 C:\NewFolder\yii\framework\web\CWebApplication.php(141): CWebApplication->runController('user/register')
#2 C:\NewFolder\yii\framework\base\CApplication.php(180): CWebApplication->processRequest()
#3 C:\xampp\htdocs\FinalApp\index.php(13): CApplication->run()
#4 {main}
REQUEST_URI=/FinalApp/index.php/user/register
---
2019/03/06 06:53:27 [error] [exception.ParseError] ParseError: syntax error, unexpected end of file, expecting function (T_FUNCTION) or const (T_CONST) in C:\xampp\htdocs\FinalApp\protected\controllers\UserController.php:15
Stack trace:
#0 C:\NewFolder\yii\framework\web\CWebApplication.php(276): CWebApplication->createController('register/')
#1 C:\NewFolder\yii\framework\web\CWebApplication.php(141): CWebApplication->runController('user/register')
#2 C:\NewFolder\yii\framework\base\CApplication.php(180): CWebApplication->processRequest()
#3 C:\xampp\htdocs\FinalApp\index.php(13): CApplication->run()
#4 {main}
REQUEST_URI=/FinalApp/index.php/user/register
---
2019/03/06 06:53:27 [error] [exception.ParseError] ParseError: syntax error, unexpected end of file, expecting function (T_FUNCTION) or const (T_CONST) in C:\xampp\htdocs\FinalApp\protected\controllers\UserController.php:15
Stack trace:
#0 C:\NewFolder\yii\framework\web\CWebApplication.php(276): CWebApplication->createController('register/')
#1 C:\NewFolder\yii\framework\web\CWebApplication.php(141): CWebApplication->runController('user/register')
#2 C:\NewFolder\yii\framework\base\CApplication.php(180): CWebApplication->processRequest()
#3 C:\xampp\htdocs\FinalApp\index.php(13): CApplication->run()
#4 {main}
REQUEST_URI=/FinalApp/index.php/user/register
---
2019/03/06 06:53:27 [error] [exception.ParseError] ParseError: syntax error, unexpected end of file, expecting function (T_FUNCTION) or const (T_CONST) in C:\xampp\htdocs\FinalApp\protected\controllers\UserController.php:15
Stack trace:
#0 C:\NewFolder\yii\framework\web\CWebApplication.php(276): CWebApplication->createController('register/')
#1 C:\NewFolder\yii\framework\web\CWebApplication.php(141): CWebApplication->runController('user/register')
#2 C:\NewFolder\yii\framework\base\CApplication.php(180): CWebApplication->processRequest()
#3 C:\xampp\htdocs\FinalApp\index.php(13): CApplication->run()
#4 {main}
REQUEST_URI=/FinalApp/index.php/user/register
---
2019/03/06 06:53:28 [error] [exception.ParseError] ParseError: syntax error, unexpected end of file, expecting function (T_FUNCTION) or const (T_CONST) in C:\xampp\htdocs\FinalApp\protected\controllers\UserController.php:15
Stack trace:
#0 C:\NewFolder\yii\framework\web\CWebApplication.php(276): CWebApplication->createController('register/')
#1 C:\NewFolder\yii\framework\web\CWebApplication.php(141): CWebApplication->runController('user/register')
#2 C:\NewFolder\yii\framework\base\CApplication.php(180): CWebApplication->processRequest()
#3 C:\xampp\htdocs\FinalApp\index.php(13): CApplication->run()
#4 {main}
REQUEST_URI=/FinalApp/index.php/user/register
---
2019/03/06 06:53:28 [error] [exception.ParseError] ParseError: syntax error, unexpected end of file, expecting function (T_FUNCTION) or const (T_CONST) in C:\xampp\htdocs\FinalApp\protected\controllers\UserController.php:15
Stack trace:
#0 C:\NewFolder\yii\framework\web\CWebApplication.php(276): CWebApplication->createController('register/')
#1 C:\NewFolder\yii\framework\web\CWebApplication.php(141): CWebApplication->runController('user/register')
#2 C:\NewFolder\yii\framework\base\CApplication.php(180): CWebApplication->processRequest()
#3 C:\xampp\htdocs\FinalApp\index.php(13): CApplication->run()
#4 {main}
REQUEST_URI=/FinalApp/index.php/user/register
---
2019/03/06 06:53:28 [error] [exception.ParseError] ParseError: syntax error, unexpected end of file, expecting function (T_FUNCTION) or const (T_CONST) in C:\xampp\htdocs\FinalApp\protected\controllers\UserController.php:15
Stack trace:
#0 C:\NewFolder\yii\framework\web\CWebApplication.php(276): CWebApplication->createController('register/')
#1 C:\NewFolder\yii\framework\web\CWebApplication.php(141): CWebApplication->runController('user/register')
#2 C:\NewFolder\yii\framework\base\CApplication.php(180): CWebApplication->processRequest()
#3 C:\xampp\htdocs\FinalApp\index.php(13): CApplication->run()
#4 {main}
REQUEST_URI=/FinalApp/index.php/user/register
---
2019/03/06 06:53:29 [error] [exception.ParseError] ParseError: syntax error, unexpected end of file, expecting function (T_FUNCTION) or const (T_CONST) in C:\xampp\htdocs\FinalApp\protected\controllers\UserController.php:15
Stack trace:
#0 C:\NewFolder\yii\framework\web\CWebApplication.php(276): CWebApplication->createController('register/')
#1 C:\NewFolder\yii\framework\web\CWebApplication.php(141): CWebApplication->runController('user/register')
#2 C:\NewFolder\yii\framework\base\CApplication.php(180): CWebApplication->processRequest()
#3 C:\xampp\htdocs\FinalApp\index.php(13): CApplication->run()
#4 {main}
REQUEST_URI=/FinalApp/index.php/user/register
---
2019/03/06 06:53:29 [error] [exception.ParseError] ParseError: syntax error, unexpected end of file, expecting function (T_FUNCTION) or const (T_CONST) in C:\xampp\htdocs\FinalApp\protected\controllers\UserController.php:15
Stack trace:
#0 C:\NewFolder\yii\framework\web\CWebApplication.php(276): CWebApplication->createController('register/')
#1 C:\NewFolder\yii\framework\web\CWebApplication.php(141): CWebApplication->runController('user/register')
#2 C:\NewFolder\yii\framework\base\CApplication.php(180): CWebApplication->processRequest()
#3 C:\xampp\htdocs\FinalApp\index.php(13): CApplication->run()
#4 {main}
REQUEST_URI=/FinalApp/index.php/user/register
---
2019/03/06 06:53:30 [error] [exception.ParseError] ParseError: syntax error, unexpected end of file, expecting function (T_FUNCTION) or const (T_CONST) in C:\xampp\htdocs\FinalApp\protected\controllers\UserController.php:15
Stack trace:
#0 C:\NewFolder\yii\framework\web\CWebApplication.php(276): CWebApplication->createController('register/')
#1 C:\NewFolder\yii\framework\web\CWebApplication.php(141): CWebApplication->runController('user/register')
#2 C:\NewFolder\yii\framework\base\CApplication.php(180): CWebApplication->processRequest()
#3 C:\xampp\htdocs\FinalApp\index.php(13): CApplication->run()
#4 {main}
REQUEST_URI=/FinalApp/index.php/user/register
---
2019/03/06 06:53:30 [error] [exception.ParseError] ParseError: syntax error, unexpected end of file, expecting function (T_FUNCTION) or const (T_CONST) in C:\xampp\htdocs\FinalApp\protected\controllers\UserController.php:15
Stack trace:
#0 C:\NewFolder\yii\framework\web\CWebApplication.php(276): CWebApplication->createController('register/')
#1 C:\NewFolder\yii\framework\web\CWebApplication.php(141): CWebApplication->runController('user/register')
#2 C:\NewFolder\yii\framework\base\CApplication.php(180): CWebApplication->processRequest()
#3 C:\xampp\htdocs\FinalApp\index.php(13): CApplication->run()
#4 {main}
REQUEST_URI=/FinalApp/index.php/user/register
---
2019/03/06 06:53:30 [error] [exception.ParseError] ParseError: syntax error, unexpected end of file, expecting function (T_FUNCTION) or const (T_CONST) in C:\xampp\htdocs\FinalApp\protected\controllers\UserController.php:15
Stack trace:
#0 C:\NewFolder\yii\framework\web\CWebApplication.php(276): CWebApplication->createController('register/')
#1 C:\NewFolder\yii\framework\web\CWebApplication.php(141): CWebApplication->runController('user/register')
#2 C:\NewFolder\yii\framework\base\CApplication.php(180): CWebApplication->processRequest()
#3 C:\xampp\htdocs\FinalApp\index.php(13): CApplication->run()
#4 {main}
REQUEST_URI=/FinalApp/index.php/user/register
---
2019/03/06 06:54:07 [error] [exception.CHttpException.404] CHttpException: The system is unable to find the requested action "register". in C:\NewFolder\yii\framework\web\CController.php:483
Stack trace:
#0 C:\NewFolder\yii\framework\web\CController.php(270): CController->missingAction('register')
#1 C:\NewFolder\yii\framework\web\CWebApplication.php(282): CController->run('register')
#2 C:\NewFolder\yii\framework\web\CWebApplication.php(141): CWebApplication->runController('user/register')
#3 C:\NewFolder\yii\framework\base\CApplication.php(180): CWebApplication->processRequest()
#4 C:\xampp\htdocs\FinalApp\index.php(13): CApplication->run()
#5 {main}
REQUEST_URI=/FinalApp/index.php/user/register
---
2019/03/06 06:54:10 [error] [exception.CHttpException.404] CHttpException: The system is unable to find the requested action "register". in C:\NewFolder\yii\framework\web\CController.php:483
Stack trace:
#0 C:\NewFolder\yii\framework\web\CController.php(270): CController->missingAction('register')
#1 C:\NewFolder\yii\framework\web\CWebApplication.php(282): CController->run('register')
#2 C:\NewFolder\yii\framework\web\CWebApplication.php(141): CWebApplication->runController('user/register')
#3 C:\NewFolder\yii\framework\base\CApplication.php(180): CWebApplication->processRequest()
#4 C:\xampp\htdocs\FinalApp\index.php(13): CApplication->run()
#5 {main}
REQUEST_URI=/FinalApp/index.php/user/register
---
2019/03/06 06:54:17 [error] [exception.ParseError] ParseError: syntax error, unexpected 'public' (T_PUBLIC), expecting end of file in C:\xampp\htdocs\FinalApp\protected\models\UserForm.php:33
Stack trace:
#0 [internal function]: YiiBase::autoload('UserForm')
#1 C:\xampp\htdocs\FinalApp\protected\controllers\UserController.php(7): spl_autoload_call('UserForm')
#2 C:\NewFolder\yii\framework\web\actions\CInlineAction.php(49): UserController->actionUser()
#3 C:\NewFolder\yii\framework\web\CController.php(308): CInlineAction->runWithParams(Array)
#4 C:\NewFolder\yii\framework\web\CController.php(286): CController->runAction(Object(CInlineAction))
#5 C:\NewFolder\yii\framework\web\CController.php(265): CController->runActionWithFilters(Object(CInlineAction), Array)
#6 C:\NewFolder\yii\framework\web\CWebApplication.php(282): CController->run('user')
#7 C:\NewFolder\yii\framework\web\CWebApplication.php(141): CWebApplication->runController('user/user')
#8 C:\NewFolder\yii\framework\base\CApplication.php(180): CWebApplication->processRequest()
#9 C:\xampp\htdocs\FinalApp\index.php(13): CApplication->run()
#10 {main}
REQUEST_URI=/FinalApp/index.php/user/user
---
2019/03/06 06:55:47 [error] [exception.Error] Error: Class 'UserForm' not found in C:\xampp\htdocs\FinalApp\protected\controllers\UserController.php:7
Stack trace:
#0 C:\NewFolder\yii\framework\web\actions\CInlineAction.php(49): UserController->actionUser()
#1 C:\NewFolder\yii\framework\web\CController.php(308): CInlineAction->runWithParams(Array)
#2 C:\NewFolder\yii\framework\web\CController.php(286): CController->runAction(Object(CInlineAction))
#3 C:\NewFolder\yii\framework\web\CController.php(265): CController->runActionWithFilters(Object(CInlineAction), Array)
#4 C:\NewFolder\yii\framework\web\CWebApplication.php(282): CController->run('user')
#5 C:\NewFolder\yii\framework\web\CWebApplication.php(141): CWebApplication->runController('user/user')
#6 C:\NewFolder\yii\framework\base\CApplication.php(180): CWebApplication->processRequest()
#7 C:\xampp\htdocs\FinalApp\index.php(13): CApplication->run()
#8 {main}
REQUEST_URI=/FinalApp/index.php/user/user
---
2019/03/06 06:56:13 [error] [exception.Error] Error: Class 'UserForm' not found in C:\xampp\htdocs\FinalApp\protected\controllers\UserController.php:7
Stack trace:
#0 C:\NewFolder\yii\framework\web\actions\CInlineAction.php(49): UserController->actionUser()
#1 C:\NewFolder\yii\framework\web\CController.php(308): CInlineAction->runWithParams(Array)
#2 C:\NewFolder\yii\framework\web\CController.php(286): CController->runAction(Object(CInlineAction))
#3 C:\NewFolder\yii\framework\web\CController.php(265): CController->runActionWithFilters(Object(CInlineAction), Array)
#4 C:\NewFolder\yii\framework\web\CWebApplication.php(282): CController->run('user')
#5 C:\NewFolder\yii\framework\web\CWebApplication.php(141): CWebApplication->runController('user/user')
#6 C:\NewFolder\yii\framework\base\CApplication.php(180): CWebApplication->processRequest()
#7 C:\xampp\htdocs\FinalApp\index.php(13): CApplication->run()
#8 {main}
REQUEST_URI=/FinalApp/index.php/user/user
---
2019/03/06 06:57:55 [error] [exception.Error] Error: Class 'UserForm' not found in C:\xampp\htdocs\FinalApp\protected\controllers\UserController.php:7
Stack trace:
#0 C:\NewFolder\yii\framework\web\actions\CInlineAction.php(49): UserController->actionUser()
#1 C:\NewFolder\yii\framework\web\CController.php(308): CInlineAction->runWithParams(Array)
#2 C:\NewFolder\yii\framework\web\CController.php(286): CController->runAction(Object(CInlineAction))
#3 C:\NewFolder\yii\framework\web\CController.php(265): CController->runActionWithFilters(Object(CInlineAction), Array)
#4 C:\NewFolder\yii\framework\web\CWebApplication.php(282): CController->run('user')
#5 C:\NewFolder\yii\framework\web\CWebApplication.php(141): CWebApplication->runController('user/user')
#6 C:\NewFolder\yii\framework\base\CApplication.php(180): CWebApplication->processRequest()
#7 C:\xampp\htdocs\FinalApp\index.php(13): CApplication->run()
#8 {main}
REQUEST_URI=/FinalApp/index.php/user/user
---
2019/03/06 06:57:56 [error] [exception.Error] Error: Class 'UserForm' not found in C:\xampp\htdocs\FinalApp\protected\controllers\UserController.php:7
Stack trace:
#0 C:\NewFolder\yii\framework\web\actions\CInlineAction.php(49): UserController->actionUser()
#1 C:\NewFolder\yii\framework\web\CController.php(308): CInlineAction->runWithParams(Array)
#2 C:\NewFolder\yii\framework\web\CController.php(286): CController->runAction(Object(CInlineAction))
#3 C:\NewFolder\yii\framework\web\CController.php(265): CController->runActionWithFilters(Object(CInlineAction), Array)
#4 C:\NewFolder\yii\framework\web\CWebApplication.php(282): CController->run('user')
#5 C:\NewFolder\yii\framework\web\CWebApplication.php(141): CWebApplication->runController('user/user')
#6 C:\NewFolder\yii\framework\base\CApplication.php(180): CWebApplication->processRequest()
#7 C:\xampp\htdocs\FinalApp\index.php(13): CApplication->run()
#8 {main}
REQUEST_URI=/FinalApp/index.php/user/user
---
2019/03/06 06:57:56 [error] [exception.Error] Error: Class 'UserForm' not found in C:\xampp\htdocs\FinalApp\protected\controllers\UserController.php:7
Stack trace:
#0 C:\NewFolder\yii\framework\web\actions\CInlineAction.php(49): UserController->actionUser()
#1 C:\NewFolder\yii\framework\web\CController.php(308): CInlineAction->runWithParams(Array)
#2 C:\NewFolder\yii\framework\web\CController.php(286): CController->runAction(Object(CInlineAction))
#3 C:\NewFolder\yii\framework\web\CController.php(265): CController->runActionWithFilters(Object(CInlineAction), Array)
#4 C:\NewFolder\yii\framework\web\CWebApplication.php(282): CController->run('user')
#5 C:\NewFolder\yii\framework\web\CWebApplication.php(141): CWebApplication->runController('user/user')
#6 C:\NewFolder\yii\framework\base\CApplication.php(180): CWebApplication->processRequest()
#7 C:\xampp\htdocs\FinalApp\index.php(13): CApplication->run()
#8 {main}
REQUEST_URI=/FinalApp/index.php/user/user
---
2019/03/06 06:57:57 [error] [exception.Error] Error: Class 'UserForm' not found in C:\xampp\htdocs\FinalApp\protected\controllers\UserController.php:7
Stack trace:
#0 C:\NewFolder\yii\framework\web\actions\CInlineAction.php(49): UserController->actionUser()
#1 C:\NewFolder\yii\framework\web\CController.php(308): CInlineAction->runWithParams(Array)
#2 C:\NewFolder\yii\framework\web\CController.php(286): CController->runAction(Object(CInlineAction))
#3 C:\NewFolder\yii\framework\web\CController.php(265): CController->runActionWithFilters(Object(CInlineAction), Array)
#4 C:\NewFolder\yii\framework\web\CWebApplication.php(282): CController->run('user')
#5 C:\NewFolder\yii\framework\web\CWebApplication.php(141): CWebApplication->runController('user/user')
#6 C:\NewFolder\yii\framework\base\CApplication.php(180): CWebApplication->processRequest()
#7 C:\xampp\htdocs\FinalApp\index.php(13): CApplication->run()
#8 {main}
REQUEST_URI=/FinalApp/index.php/user/user
---
2019/03/06 06:57:57 [error] [exception.Error] Error: Class 'UserForm' not found in C:\xampp\htdocs\FinalApp\protected\controllers\UserController.php:7
Stack trace:
#0 C:\NewFolder\yii\framework\web\actions\CInlineAction.php(49): UserController->actionUser()
#1 C:\NewFolder\yii\framework\web\CController.php(308): CInlineAction->runWithParams(Array)
#2 C:\NewFolder\yii\framework\web\CController.php(286): CController->runAction(Object(CInlineAction))
#3 C:\NewFolder\yii\framework\web\CController.php(265): CController->runActionWithFilters(Object(CInlineAction), Array)
#4 C:\NewFolder\yii\framework\web\CWebApplication.php(282): CController->run('user')
#5 C:\NewFolder\yii\framework\web\CWebApplication.php(141): CWebApplication->runController('user/user')
#6 C:\NewFolder\yii\framework\base\CApplication.php(180): CWebApplication->processRequest()
#7 C:\xampp\htdocs\FinalApp\index.php(13): CApplication->run()
#8 {main}
REQUEST_URI=/FinalApp/index.php/user/user
---
2019/03/06 06:57:57 [error] [exception.Error] Error: Class 'UserForm' not found in C:\xampp\htdocs\FinalApp\protected\controllers\UserController.php:7
Stack trace:
#0 C:\NewFolder\yii\framework\web\actions\CInlineAction.php(49): UserController->actionUser()
#1 C:\NewFolder\yii\framework\web\CController.php(308): CInlineAction->runWithParams(Array)
#2 C:\NewFolder\yii\framework\web\CController.php(286): CController->runAction(Object(CInlineAction))
#3 C:\NewFolder\yii\framework\web\CController.php(265): CController->runActionWithFilters(Object(CInlineAction), Array)
#4 C:\NewFolder\yii\framework\web\CWebApplication.php(282): CController->run('user')
#5 C:\NewFolder\yii\framework\web\CWebApplication.php(141): CWebApplication->runController('user/user')
#6 C:\NewFolder\yii\framework\base\CApplication.php(180): CWebApplication->processRequest()
#7 C:\xampp\htdocs\FinalApp\index.php(13): CApplication->run()
#8 {main}
REQUEST_URI=/FinalApp/index.php/user/user
---
2019/03/06 06:58:38 [error] [exception.Error] Error: Class 'UserForm' not found in C:\xampp\htdocs\FinalApp\protected\controllers\UserController.php:7
Stack trace:
#0 C:\NewFolder\yii\framework\web\actions\CInlineAction.php(49): UserController->actionUser()
#1 C:\NewFolder\yii\framework\web\CController.php(308): CInlineAction->runWithParams(Array)
#2 C:\NewFolder\yii\framework\web\CController.php(286): CController->runAction(Object(CInlineAction))
#3 C:\NewFolder\yii\framework\web\CController.php(265): CController->runActionWithFilters(Object(CInlineAction), Array)
#4 C:\NewFolder\yii\framework\web\CWebApplication.php(282): CController->run('user')
#5 C:\NewFolder\yii\framework\web\CWebApplication.php(141): CWebApplication->runController('user/user')
#6 C:\NewFolder\yii\framework\base\CApplication.php(180): CWebApplication->processRequest()
#7 C:\xampp\htdocs\FinalApp\index.php(13): CApplication->run()
#8 {main}
REQUEST_URI=/FinalApp/index.php/user/user
---
2019/03/06 06:58:38 [error] [exception.Error] Error: Class 'UserForm' not found in C:\xampp\htdocs\FinalApp\protected\controllers\UserController.php:7
Stack trace:
#0 C:\NewFolder\yii\framework\web\actions\CInlineAction.php(49): UserController->actionUser()
#1 C:\NewFolder\yii\framework\web\CController.php(308): CInlineAction->runWithParams(Array)
#2 C:\NewFolder\yii\framework\web\CController.php(286): CController->runAction(Object(CInlineAction))
#3 C:\NewFolder\yii\framework\web\CController.php(265): CController->runActionWithFilters(Object(CInlineAction), Array)
#4 C:\NewFolder\yii\framework\web\CWebApplication.php(282): CController->run('user')
#5 C:\NewFolder\yii\framework\web\CWebApplication.php(141): CWebApplication->runController('user/user')
#6 C:\NewFolder\yii\framework\base\CApplication.php(180): CWebApplication->processRequest()
#7 C:\xampp\htdocs\FinalApp\index.php(13): CApplication->run()
#8 {main}
REQUEST_URI=/FinalApp/index.php/user/user
---
2019/03/06 06:58:39 [error] [exception.Error] Error: Class 'UserForm' not found in C:\xampp\htdocs\FinalApp\protected\controllers\UserController.php:7
Stack trace:
#0 C:\NewFolder\yii\framework\web\actions\CInlineAction.php(49): UserController->actionUser()
#1 C:\NewFolder\yii\framework\web\CController.php(308): CInlineAction->runWithParams(Array)
#2 C:\NewFolder\yii\framework\web\CController.php(286): CController->runAction(Object(CInlineAction))
#3 C:\NewFolder\yii\framework\web\CController.php(265): CController->runActionWithFilters(Object(CInlineAction), Array)
#4 C:\NewFolder\yii\framework\web\CWebApplication.php(282): CController->run('user')
#5 C:\NewFolder\yii\framework\web\CWebApplication.php(141): CWebApplication->runController('user/user')
#6 C:\NewFolder\yii\framework\base\CApplication.php(180): CWebApplication->processRequest()
#7 C:\xampp\htdocs\FinalApp\index.php(13): CApplication->run()
#8 {main}
REQUEST_URI=/FinalApp/index.php/user/user
---
2019/03/06 06:58:39 [error] [exception.Error] Error: Class 'UserForm' not found in C:\xampp\htdocs\FinalApp\protected\controllers\UserController.php:7
Stack trace:
#0 C:\NewFolder\yii\framework\web\actions\CInlineAction.php(49): UserController->actionUser()
#1 C:\NewFolder\yii\framework\web\CController.php(308): CInlineAction->runWithParams(Array)
#2 C:\NewFolder\yii\framework\web\CController.php(286): CController->runAction(Object(CInlineAction))
#3 C:\NewFolder\yii\framework\web\CController.php(265): CController->runActionWithFilters(Object(CInlineAction), Array)
#4 C:\NewFolder\yii\framework\web\CWebApplication.php(282): CController->run('user')
#5 C:\NewFolder\yii\framework\web\CWebApplication.php(141): CWebApplication->runController('user/user')
#6 C:\NewFolder\yii\framework\base\CApplication.php(180): CWebApplication->processRequest()
#7 C:\xampp\htdocs\FinalApp\index.php(13): CApplication->run()
#8 {main}
REQUEST_URI=/FinalApp/index.php/user/user
---
2019/03/06 06:58:39 [error] [exception.Error] Error: Class 'UserForm' not found in C:\xampp\htdocs\FinalApp\protected\controllers\UserController.php:7
Stack trace:
#0 C:\NewFolder\yii\framework\web\actions\CInlineAction.php(49): UserController->actionUser()
#1 C:\NewFolder\yii\framework\web\CController.php(308): CInlineAction->runWithParams(Array)
#2 C:\NewFolder\yii\framework\web\CController.php(286): CController->runAction(Object(CInlineAction))
#3 C:\NewFolder\yii\framework\web\CController.php(265): CController->runActionWithFilters(Object(CInlineAction), Array)
#4 C:\NewFolder\yii\framework\web\CWebApplication.php(282): CController->run('user')
#5 C:\NewFolder\yii\framework\web\CWebApplication.php(141): CWebApplication->runController('user/user')
#6 C:\NewFolder\yii\framework\base\CApplication.php(180): CWebApplication->processRequest()
#7 C:\xampp\htdocs\FinalApp\index.php(13): CApplication->run()
#8 {main}
REQUEST_URI=/FinalApp/index.php/user/user
---
2019/03/06 06:58:39 [error] [exception.Error] Error: Class 'UserForm' not found in C:\xampp\htdocs\FinalApp\protected\controllers\UserController.php:7
Stack trace:
#0 C:\NewFolder\yii\framework\web\actions\CInlineAction.php(49): UserController->actionUser()
#1 C:\NewFolder\yii\framework\web\CController.php(308): CInlineAction->runWithParams(Array)
#2 C:\NewFolder\yii\framework\web\CController.php(286): CController->runAction(Object(CInlineAction))
#3 C:\NewFolder\yii\framework\web\CController.php(265): CController->runActionWithFilters(Object(CInlineAction), Array)
#4 C:\NewFolder\yii\framework\web\CWebApplication.php(282): CController->run('user')
#5 C:\NewFolder\yii\framework\web\CWebApplication.php(141): CWebApplication->runController('user/user')
#6 C:\NewFolder\yii\framework\base\CApplication.php(180): CWebApplication->processRequest()
#7 C:\xampp\htdocs\FinalApp\index.php(13): CApplication->run()
#8 {main}
REQUEST_URI=/FinalApp/index.php/user/user
---
2019/03/06 06:58:40 [error] [exception.Error] Error: Class 'UserForm' not found in C:\xampp\htdocs\FinalApp\protected\controllers\UserController.php:7
Stack trace:
#0 C:\NewFolder\yii\framework\web\actions\CInlineAction.php(49): UserController->actionUser()
#1 C:\NewFolder\yii\framework\web\CController.php(308): CInlineAction->runWithParams(Array)
#2 C:\NewFolder\yii\framework\web\CController.php(286): CController->runAction(Object(CInlineAction))
#3 C:\NewFolder\yii\framework\web\CController.php(265): CController->runActionWithFilters(Object(CInlineAction), Array)
#4 C:\NewFolder\yii\framework\web\CWebApplication.php(282): CController->run('user')
#5 C:\NewFolder\yii\framework\web\CWebApplication.php(141): CWebApplication->runController('user/user')
#6 C:\NewFolder\yii\framework\base\CApplication.php(180): CWebApplication->processRequest()
#7 C:\xampp\htdocs\FinalApp\index.php(13): CApplication->run()
#8 {main}
REQUEST_URI=/FinalApp/index.php/user/user
---
2019/03/06 06:58:40 [error] [exception.Error] Error: Class 'UserForm' not found in C:\xampp\htdocs\FinalApp\protected\controllers\UserController.php:7
Stack trace:
#0 C:\NewFolder\yii\framework\web\actions\CInlineAction.php(49): UserController->actionUser()
#1 C:\NewFolder\yii\framework\web\CController.php(308): CInlineAction->runWithParams(Array)
#2 C:\NewFolder\yii\framework\web\CController.php(286): CController->runAction(Object(CInlineAction))
#3 C:\NewFolder\yii\framework\web\CController.php(265): CController->runActionWithFilters(Object(CInlineAction), Array)
#4 C:\NewFolder\yii\framework\web\CWebApplication.php(282): CController->run('user')
#5 C:\NewFolder\yii\framework\web\CWebApplication.php(141): CWebApplication->runController('user/user')
#6 C:\NewFolder\yii\framework\base\CApplication.php(180): CWebApplication->processRequest()
#7 C:\xampp\htdocs\FinalApp\index.php(13): CApplication->run()
#8 {main}
REQUEST_URI=/FinalApp/index.php/user/user
---
2019/03/06 06:58:40 [error] [exception.Error] Error: Class 'UserForm' not found in C:\xampp\htdocs\FinalApp\protected\controllers\UserController.php:7
Stack trace:
#0 C:\NewFolder\yii\framework\web\actions\CInlineAction.php(49): UserController->actionUser()
#1 C:\NewFolder\yii\framework\web\CController.php(308): CInlineAction->runWithParams(Array)
#2 C:\NewFolder\yii\framework\web\CController.php(286): CController->runAction(Object(CInlineAction))
#3 C:\NewFolder\yii\framework\web\CController.php(265): CController->runActionWithFilters(Object(CInlineAction), Array)
#4 C:\NewFolder\yii\framework\web\CWebApplication.php(282): CController->run('user')
#5 C:\NewFolder\yii\framework\web\CWebApplication.php(141): CWebApplication->runController('user/user')
#6 C:\NewFolder\yii\framework\base\CApplication.php(180): CWebApplication->processRequest()
#7 C:\xampp\htdocs\FinalApp\index.php(13): CApplication->run()
#8 {main}
REQUEST_URI=/FinalApp/index.php/user/user
---
2019/03/06 06:58:40 [error] [exception.Error] Error: Class 'UserForm' not found in C:\xampp\htdocs\FinalApp\protected\controllers\UserController.php:7
Stack trace:
#0 C:\NewFolder\yii\framework\web\actions\CInlineAction.php(49): UserController->actionUser()
#1 C:\NewFolder\yii\framework\web\CController.php(308): CInlineAction->runWithParams(Array)
#2 C:\NewFolder\yii\framework\web\CController.php(286): CController->runAction(Object(CInlineAction))
#3 C:\NewFolder\yii\framework\web\CController.php(265): CController->runActionWithFilters(Object(CInlineAction), Array)
#4 C:\NewFolder\yii\framework\web\CWebApplication.php(282): CController->run('user')
#5 C:\NewFolder\yii\framework\web\CWebApplication.php(141): CWebApplication->runController('user/user')
#6 C:\NewFolder\yii\framework\base\CApplication.php(180): CWebApplication->processRequest()
#7 C:\xampp\htdocs\FinalApp\index.php(13): CApplication->run()
#8 {main}
REQUEST_URI=/FinalApp/index.php/user/user
---
2019/03/06 06:58:41 [error] [exception.Error] Error: Class 'UserForm' not found in C:\xampp\htdocs\FinalApp\protected\controllers\UserController.php:7
Stack trace:
#0 C:\NewFolder\yii\framework\web\actions\CInlineAction.php(49): UserController->actionUser()
#1 C:\NewFolder\yii\framework\web\CController.php(308): CInlineAction->runWithParams(Array)
#2 C:\NewFolder\yii\framework\web\CController.php(286): CController->runAction(Object(CInlineAction))
#3 C:\NewFolder\yii\framework\web\CController.php(265): CController->runActionWithFilters(Object(CInlineAction), Array)
#4 C:\NewFolder\yii\framework\web\CWebApplication.php(282): CController->run('user')
#5 C:\NewFolder\yii\framework\web\CWebApplication.php(141): CWebApplication->runController('user/user')
#6 C:\NewFolder\yii\framework\base\CApplication.php(180): CWebApplication->processRequest()
#7 C:\xampp\htdocs\FinalApp\index.php(13): CApplication->run()
#8 {main}
REQUEST_URI=/FinalApp/index.php/user/user
---
2019/03/06 06:59:23 [error] [exception.Error] Error: Class 'UserForm' not found in C:\xampp\htdocs\FinalApp\protected\controllers\UserController.php:7
Stack trace:
#0 C:\NewFolder\yii\framework\web\actions\CInlineAction.php(49): UserController->actionUser()
#1 C:\NewFolder\yii\framework\web\CController.php(308): CInlineAction->runWithParams(Array)
#2 C:\NewFolder\yii\framework\web\CController.php(286): CController->runAction(Object(CInlineAction))
#3 C:\NewFolder\yii\framework\web\CController.php(265): CController->runActionWithFilters(Object(CInlineAction), Array)
#4 C:\NewFolder\yii\framework\web\CWebApplication.php(282): CController->run('user')
#5 C:\NewFolder\yii\framework\web\CWebApplication.php(141): CWebApplication->runController('user/user')
#6 C:\NewFolder\yii\framework\base\CApplication.php(180): CWebApplication->processRequest()
#7 C:\xampp\htdocs\FinalApp\index.php(13): CApplication->run()
#8 {main}
REQUEST_URI=/FinalApp/index.php/user/user
---
2019/03/06 06:59:24 [error] [exception.Error] Error: Class 'UserForm' not found in C:\xampp\htdocs\FinalApp\protected\controllers\UserController.php:7
Stack trace:
#0 C:\NewFolder\yii\framework\web\actions\CInlineAction.php(49): UserController->actionUser()
#1 C:\NewFolder\yii\framework\web\CController.php(308): CInlineAction->runWithParams(Array)
#2 C:\NewFolder\yii\framework\web\CController.php(286): CController->runAction(Object(CInlineAction))
#3 C:\NewFolder\yii\framework\web\CController.php(265): CController->runActionWithFilters(Object(CInlineAction), Array)
#4 C:\NewFolder\yii\framework\web\CWebApplication.php(282): CController->run('user')
#5 C:\NewFolder\yii\framework\web\CWebApplication.php(141): CWebApplication->runController('user/user')
#6 C:\NewFolder\yii\framework\base\CApplication.php(180): CWebApplication->processRequest()
#7 C:\xampp\htdocs\FinalApp\index.php(13): CApplication->run()
#8 {main}
REQUEST_URI=/FinalApp/index.php/user/user
---
2019/03/06 06:59:24 [error] [exception.Error] Error: Class 'UserForm' not found in C:\xampp\htdocs\FinalApp\protected\controllers\UserController.php:7
Stack trace:
#0 C:\NewFolder\yii\framework\web\actions\CInlineAction.php(49): UserController->actionUser()
#1 C:\NewFolder\yii\framework\web\CController.php(308): CInlineAction->runWithParams(Array)
#2 C:\NewFolder\yii\framework\web\CController.php(286): CController->runAction(Object(CInlineAction))
#3 C:\NewFolder\yii\framework\web\CController.php(265): CController->runActionWithFilters(Object(CInlineAction), Array)
#4 C:\NewFolder\yii\framework\web\CWebApplication.php(282): CController->run('user')
#5 C:\NewFolder\yii\framework\web\CWebApplication.php(141): CWebApplication->runController('user/user')
#6 C:\NewFolder\yii\framework\base\CApplication.php(180): CWebApplication->processRequest()
#7 C:\xampp\htdocs\FinalApp\index.php(13): CApplication->run()
#8 {main}
REQUEST_URI=/FinalApp/index.php/user/user
---
2019/03/06 06:59:25 [error] [exception.Error] Error: Class 'UserForm' not found in C:\xampp\htdocs\FinalApp\protected\controllers\UserController.php:7
Stack trace:
#0 C:\NewFolder\yii\framework\web\actions\CInlineAction.php(49): UserController->actionUser()
#1 C:\NewFolder\yii\framework\web\CController.php(308): CInlineAction->runWithParams(Array)
#2 C:\NewFolder\yii\framework\web\CController.php(286): CController->runAction(Object(CInlineAction))
#3 C:\NewFolder\yii\framework\web\CController.php(265): CController->runActionWithFilters(Object(CInlineAction), Array)
#4 C:\NewFolder\yii\framework\web\CWebApplication.php(282): CController->run('user')
#5 C:\NewFolder\yii\framework\web\CWebApplication.php(141): CWebApplication->runController('user/user')
#6 C:\NewFolder\yii\framework\base\CApplication.php(180): CWebApplication->processRequest()
#7 C:\xampp\htdocs\FinalApp\index.php(13): CApplication->run()
#8 {main}
REQUEST_URI=/FinalApp/index.php/user/user
---
2019/03/06 07:01:34 [error] [exception.CException] CException: Property "UserForm.regname" is not defined. in C:\NewFolder\yii\framework\base\CComponent.php:130
Stack trace:
#0 C:\NewFolder\yii\framework\web\helpers\CHtml.php(2529): CComponent->__get('regname')
#1 C:\NewFolder\yii\framework\web\helpers\CHtml.php(2252): CHtml::resolveValue(Object(UserForm), 'regname')
#2 C:\NewFolder\yii\framework\web\helpers\CHtml.php(1434): CHtml::activeInputField('text', Object(UserForm), 'regname', Array)
#3 C:\xampp\htdocs\FinalApp\protected\views\user\user.php(6): CHtml::activeTextField(Object(UserForm), 'regname')
#4 C:\NewFolder\yii\framework\web\CBaseController.php(126): require('C:\\xampp\\htdocs...')
#5 C:\NewFolder\yii\framework\web\CBaseController.php(95): CBaseController->renderInternal('C:\\xampp\\htdocs...', Array, true)
#6 C:\NewFolder\yii\framework\web\CController.php(869): CBaseController->renderFile('C:\\xampp\\htdocs...', Array, true)
#7 C:\NewFolder\yii\framework\web\CController.php(782): CController->renderPartial('user', Array, true)
#8 C:\xampp\htdocs\FinalApp\protected\controllers\UserController.php(13): CController->render('user', Array)
#9 C:\NewFolder\yii\framework\web\actions\CInlineAction.php(49): UserController->actionUser()
#10 C:\NewFolder\yii\framework\web\CController.php(308): CInlineAction->runWithParams(Array)
#11 C:\NewFolder\yii\framework\web\CController.php(286): CController->runAction(Object(CInlineAction))
#12 C:\NewFolder\yii\framework\web\CController.php(265): CController->runActionWithFilters(Object(CInlineAction), Array)
#13 C:\NewFolder\yii\framework\web\CWebApplication.php(282): CController->run('user')
#14 C:\NewFolder\yii\framework\web\CWebApplication.php(141): CWebApplication->runController('user/user')
#15 C:\NewFolder\yii\framework\base\CApplication.php(180): CWebApplication->processRequest()
#16 C:\xampp\htdocs\FinalApp\index.php(13): CApplication->run()
#17 {main}
REQUEST_URI=/FinalApp/index.php/user/user
---
2019/03/06 07:03:49 [error] [exception.CException] CException: Property "UserForm.name" is not defined. in C:\NewFolder\yii\framework\base\CComponent.php:130
Stack trace:
#0 C:\NewFolder\yii\framework\web\helpers\CHtml.php(2529): CComponent->__get('name')
#1 C:\NewFolder\yii\framework\web\helpers\CHtml.php(2252): CHtml::resolveValue(Object(UserForm), 'name')
#2 C:\NewFolder\yii\framework\web\helpers\CHtml.php(1434): CHtml::activeInputField('text', Object(UserForm), 'name', Array)
#3 C:\xampp\htdocs\FinalApp\protected\views\user\user.php(6): CHtml::activeTextField(Object(UserForm), 'name')
#4 C:\NewFolder\yii\framework\web\CBaseController.php(126): require('C:\\xampp\\htdocs...')
#5 C:\NewFolder\yii\framework\web\CBaseController.php(95): CBaseController->renderInternal('C:\\xampp\\htdocs...', Array, true)
#6 C:\NewFolder\yii\framework\web\CController.php(869): CBaseController->renderFile('C:\\xampp\\htdocs...', Array, true)
#7 C:\NewFolder\yii\framework\web\CController.php(782): CController->renderPartial('user', Array, true)
#8 C:\xampp\htdocs\FinalApp\protected\controllers\UserController.php(13): CController->render('user', Array)
#9 C:\NewFolder\yii\framework\web\actions\CInlineAction.php(49): UserController->actionUser()
#10 C:\NewFolder\yii\framework\web\CController.php(308): CInlineAction->runWithParams(Array)
#11 C:\NewFolder\yii\framework\web\CController.php(286): CController->runAction(Object(CInlineAction))
#12 C:\NewFolder\yii\framework\web\CController.php(265): CController->runActionWithFilters(Object(CInlineAction), Array)
#13 C:\NewFolder\yii\framework\web\CWebApplication.php(282): CController->run('user')
#14 C:\NewFolder\yii\framework\web\CWebApplication.php(141): CWebApplication->runController('user/user')
#15 C:\NewFolder\yii\framework\base\CApplication.php(180): CWebApplication->processRequest()
#16 C:\xampp\htdocs\FinalApp\index.php(13): CApplication->run()
#17 {main}
REQUEST_URI=/FinalApp/index.php/user/user
---
2019/03/06 07:03:51 [error] [exception.CException] CException: Property "UserForm.name" is not defined. in C:\NewFolder\yii\framework\base\CComponent.php:130
Stack trace:
#0 C:\NewFolder\yii\framework\web\helpers\CHtml.php(2529): CComponent->__get('name')
#1 C:\NewFolder\yii\framework\web\helpers\CHtml.php(2252): CHtml::resolveValue(Object(UserForm), 'name')
#2 C:\NewFolder\yii\framework\web\helpers\CHtml.php(1434): CHtml::activeInputField('text', Object(UserForm), 'name', Array)
#3 C:\xampp\htdocs\FinalApp\protected\views\user\user.php(6): CHtml::activeTextField(Object(UserForm), 'name')
#4 C:\NewFolder\yii\framework\web\CBaseController.php(126): require('C:\\xampp\\htdocs...')
#5 C:\NewFolder\yii\framework\web\CBaseController.php(95): CBaseController->renderInternal('C:\\xampp\\htdocs...', Array, true)
#6 C:\NewFolder\yii\framework\web\CController.php(869): CBaseController->renderFile('C:\\xampp\\htdocs...', Array, true)
#7 C:\NewFolder\yii\framework\web\CController.php(782): CController->renderPartial('user', Array, true)
#8 C:\xampp\htdocs\FinalApp\protected\controllers\UserController.php(13): CController->render('user', Array)
#9 C:\NewFolder\yii\framework\web\actions\CInlineAction.php(49): UserController->actionUser()
#10 C:\NewFolder\yii\framework\web\CController.php(308): CInlineAction->runWithParams(Array)
#11 C:\NewFolder\yii\framework\web\CController.php(286): CController->runAction(Object(CInlineAction))
#12 C:\NewFolder\yii\framework\web\CController.php(265): CController->runActionWithFilters(Object(CInlineAction), Array)
#13 C:\NewFolder\yii\framework\web\CWebApplication.php(282): CController->run('user')
#14 C:\NewFolder\yii\framework\web\CWebApplication.php(141): CWebApplication->runController('user/user')
#15 C:\NewFolder\yii\framework\base\CApplication.php(180): CWebApplication->processRequest()
#16 C:\xampp\htdocs\FinalApp\index.php(13): CApplication->run()
#17 {main}
REQUEST_URI=/FinalApp/index.php/user/user
---
2019/03/06 07:03:52 [error] [exception.CException] CException: Property "UserForm.name" is not defined. in C:\NewFolder\yii\framework\base\CComponent.php:130
Stack trace:
#0 C:\NewFolder\yii\framework\web\helpers\CHtml.php(2529): CComponent->__get('name')
#1 C:\NewFolder\yii\framework\web\helpers\CHtml.php(2252): CHtml::resolveValue(Object(UserForm), 'name')
#2 C:\NewFolder\yii\framework\web\helpers\CHtml.php(1434): CHtml::activeInputField('text', Object(UserForm), 'name', Array)
#3 C:\xampp\htdocs\FinalApp\protected\views\user\user.php(6): CHtml::activeTextField(Object(UserForm), 'name')
#4 C:\NewFolder\yii\framework\web\CBaseController.php(126): require('C:\\xampp\\htdocs...')
#5 C:\NewFolder\yii\framework\web\CBaseController.php(95): CBaseController->renderInternal('C:\\xampp\\htdocs...', Array, true)
#6 C:\NewFolder\yii\framework\web\CController.php(869): CBaseController->renderFile('C:\\xampp\\htdocs...', Array, true)
#7 C:\NewFolder\yii\framework\web\CController.php(782): CController->renderPartial('user', Array, true)
#8 C:\xampp\htdocs\FinalApp\protected\controllers\UserController.php(13): CController->render('user', Array)
#9 C:\NewFolder\yii\framework\web\actions\CInlineAction.php(49): UserController->actionUser()
#10 C:\NewFolder\yii\framework\web\CController.php(308): CInlineAction->runWithParams(Array)
#11 C:\NewFolder\yii\framework\web\CController.php(286): CController->runAction(Object(CInlineAction))
#12 C:\NewFolder\yii\framework\web\CController.php(265): CController->runActionWithFilters(Object(CInlineAction), Array)
#13 C:\NewFolder\yii\framework\web\CWebApplication.php(282): CController->run('user')
#14 C:\NewFolder\yii\framework\web\CWebApplication.php(141): CWebApplication->runController('user/user')
#15 C:\NewFolder\yii\framework\base\CApplication.php(180): CWebApplication->processRequest()
#16 C:\xampp\htdocs\FinalApp\index.php(13): CApplication->run()
#17 {main}
REQUEST_URI=/FinalApp/index.php/user/user
---
2019/03/06 07:03:52 [error] [exception.CException] CException: Property "UserForm.name" is not defined. in C:\NewFolder\yii\framework\base\CComponent.php:130
Stack trace:
#0 C:\NewFolder\yii\framework\web\helpers\CHtml.php(2529): CComponent->__get('name')
#1 C:\NewFolder\yii\framework\web\helpers\CHtml.php(2252): CHtml::resolveValue(Object(UserForm), 'name')
#2 C:\NewFolder\yii\framework\web\helpers\CHtml.php(1434): CHtml::activeInputField('text', Object(UserForm), 'name', Array)
#3 C:\xampp\htdocs\FinalApp\protected\views\user\user.php(6): CHtml::activeTextField(Object(UserForm), 'name')
#4 C:\NewFolder\yii\framework\web\CBaseController.php(126): require('C:\\xampp\\htdocs...')
#5 C:\NewFolder\yii\framework\web\CBaseController.php(95): CBaseController->renderInternal('C:\\xampp\\htdocs...', Array, true)
#6 C:\NewFolder\yii\framework\web\CController.php(869): CBaseController->renderFile('C:\\xampp\\htdocs...', Array, true)
#7 C:\NewFolder\yii\framework\web\CController.php(782): CController->renderPartial('user', Array, true)
#8 C:\xampp\htdocs\FinalApp\protected\controllers\UserController.php(13): CController->render('user', Array)
#9 C:\NewFolder\yii\framework\web\actions\CInlineAction.php(49): UserController->actionUser()
#10 C:\NewFolder\yii\framework\web\CController.php(308): CInlineAction->runWithParams(Array)
#11 C:\NewFolder\yii\framework\web\CController.php(286): CController->runAction(Object(CInlineAction))
#12 C:\NewFolder\yii\framework\web\CController.php(265): CController->runActionWithFilters(Object(CInlineAction), Array)
#13 C:\NewFolder\yii\framework\web\CWebApplication.php(282): CController->run('user')
#14 C:\NewFolder\yii\framework\web\CWebApplication.php(141): CWebApplication->runController('user/user')
#15 C:\NewFolder\yii\framework\base\CApplication.php(180): CWebApplication->processRequest()
#16 C:\xampp\htdocs\FinalApp\index.php(13): CApplication->run()
#17 {main}
REQUEST_URI=/FinalApp/index.php/user/user
---
2019/03/06 07:03:52 [error] [exception.CException] CException: Property "UserForm.name" is not defined. in C:\NewFolder\yii\framework\base\CComponent.php:130
Stack trace:
#0 C:\NewFolder\yii\framework\web\helpers\CHtml.php(2529): CComponent->__get('name')
#1 C:\NewFolder\yii\framework\web\helpers\CHtml.php(2252): CHtml::resolveValue(Object(UserForm), 'name')
#2 C:\NewFolder\yii\framework\web\helpers\CHtml.php(1434): CHtml::activeInputField('text', Object(UserForm), 'name', Array)
#3 C:\xampp\htdocs\FinalApp\protected\views\user\user.php(6): CHtml::activeTextField(Object(UserForm), 'name')
#4 C:\NewFolder\yii\framework\web\CBaseController.php(126): require('C:\\xampp\\htdocs...')
#5 C:\NewFolder\yii\framework\web\CBaseController.php(95): CBaseController->renderInternal('C:\\xampp\\htdocs...', Array, true)
#6 C:\NewFolder\yii\framework\web\CController.php(869): CBaseController->renderFile('C:\\xampp\\htdocs...', Array, true)
#7 C:\NewFolder\yii\framework\web\CController.php(782): CController->renderPartial('user', Array, true)
#8 C:\xampp\htdocs\FinalApp\protected\controllers\UserController.php(13): CController->render('user', Array)
#9 C:\NewFolder\yii\framework\web\actions\CInlineAction.php(49): UserController->actionUser()
#10 C:\NewFolder\yii\framework\web\CController.php(308): CInlineAction->runWithParams(Array)
#11 C:\NewFolder\yii\framework\web\CController.php(286): CController->runAction(Object(CInlineAction))
#12 C:\NewFolder\yii\framework\web\CController.php(265): CController->runActionWithFilters(Object(CInlineAction), Array)
#13 C:\NewFolder\yii\framework\web\CWebApplication.php(282): CController->run('user')
#14 C:\NewFolder\yii\framework\web\CWebApplication.php(141): CWebApplication->runController('user/user')
#15 C:\NewFolder\yii\framework\base\CApplication.php(180): CWebApplication->processRequest()
#16 C:\xampp\htdocs\FinalApp\index.php(13): CApplication->run()
#17 {main}
REQUEST_URI=/FinalApp/index.php/user/user
---
2019/03/06 07:03:52 [error] [exception.CException] CException: Property "UserForm.name" is not defined. in C:\NewFolder\yii\framework\base\CComponent.php:130
Stack trace:
#0 C:\NewFolder\yii\framework\web\helpers\CHtml.php(2529): CComponent->__get('name')
#1 C:\NewFolder\yii\framework\web\helpers\CHtml.php(2252): CHtml::resolveValue(Object(UserForm), 'name')
#2 C:\NewFolder\yii\framework\web\helpers\CHtml.php(1434): CHtml::activeInputField('text', Object(UserForm), 'name', Array)
#3 C:\xampp\htdocs\FinalApp\protected\views\user\user.php(6): CHtml::activeTextField(Object(UserForm), 'name')
#4 C:\NewFolder\yii\framework\web\CBaseController.php(126): require('C:\\xampp\\htdocs...')
#5 C:\NewFolder\yii\framework\web\CBaseController.php(95): CBaseController->renderInternal('C:\\xampp\\htdocs...', Array, true)
#6 C:\NewFolder\yii\framework\web\CController.php(869): CBaseController->renderFile('C:\\xampp\\htdocs...', Array, true)
#7 C:\NewFolder\yii\framework\web\CController.php(782): CController->renderPartial('user', Array, true)
#8 C:\xampp\htdocs\FinalApp\protected\controllers\UserController.php(13): CController->render('user', Array)
#9 C:\NewFolder\yii\framework\web\actions\CInlineAction.php(49): UserController->actionUser()
#10 C:\NewFolder\yii\framework\web\CController.php(308): CInlineAction->runWithParams(Array)
#11 C:\NewFolder\yii\framework\web\CController.php(286): CController->runAction(Object(CInlineAction))
#12 C:\NewFolder\yii\framework\web\CController.php(265): CController->runActionWithFilters(Object(CInlineAction), Array)
#13 C:\NewFolder\yii\framework\web\CWebApplication.php(282): CController->run('user')
#14 C:\NewFolder\yii\framework\web\CWebApplication.php(141): CWebApplication->runController('user/user')
#15 C:\NewFolder\yii\framework\base\CApplication.php(180): CWebApplication->processRequest()
#16 C:\xampp\htdocs\FinalApp\index.php(13): CApplication->run()
#17 {main}
REQUEST_URI=/FinalApp/index.php/user/user
---
2019/03/06 07:03:53 [error] [exception.CException] CException: Property "UserForm.name" is not defined. in C:\NewFolder\yii\framework\base\CComponent.php:130
Stack trace:
#0 C:\NewFolder\yii\framework\web\helpers\CHtml.php(2529): CComponent->__get('name')
#1 C:\NewFolder\yii\framework\web\helpers\CHtml.php(2252): CHtml::resolveValue(Object(UserForm), 'name')
#2 C:\NewFolder\yii\framework\web\helpers\CHtml.php(1434): CHtml::activeInputField('text', Object(UserForm), 'name', Array)
#3 C:\xampp\htdocs\FinalApp\protected\views\user\user.php(6): CHtml::activeTextField(Object(UserForm), 'name')
#4 C:\NewFolder\yii\framework\web\CBaseController.php(126): require('C:\\xampp\\htdocs...')
#5 C:\NewFolder\yii\framework\web\CBaseController.php(95): CBaseController->renderInternal('C:\\xampp\\htdocs...', Array, true)
#6 C:\NewFolder\yii\framework\web\CController.php(869): CBaseController->renderFile('C:\\xampp\\htdocs...', Array, true)
#7 C:\NewFolder\yii\framework\web\CController.php(782): CController->renderPartial('user', Array, true)
#8 C:\xampp\htdocs\FinalApp\protected\controllers\UserController.php(13): CController->render('user', Array)
#9 C:\NewFolder\yii\framework\web\actions\CInlineAction.php(49): UserController->actionUser()
#10 C:\NewFolder\yii\framework\web\CController.php(308): CInlineAction->runWithParams(Array)
#11 C:\NewFolder\yii\framework\web\CController.php(286): CController->runAction(Object(CInlineAction))
#12 C:\NewFolder\yii\framework\web\CController.php(265): CController->runActionWithFilters(Object(CInlineAction), Array)
#13 C:\NewFolder\yii\framework\web\CWebApplication.php(282): CController->run('user')
#14 C:\NewFolder\yii\framework\web\CWebApplication.php(141): CWebApplication->runController('user/user')
#15 C:\NewFolder\yii\framework\base\CApplication.php(180): CWebApplication->processRequest()
#16 C:\xampp\htdocs\FinalApp\index.php(13): CApplication->run()
#17 {main}
REQUEST_URI=/FinalApp/index.php/user/user
---
2019/03/06 07:03:53 [error] [exception.CException] CException: Property "UserForm.name" is not defined. in C:\NewFolder\yii\framework\base\CComponent.php:130
Stack trace:
#0 C:\NewFolder\yii\framework\web\helpers\CHtml.php(2529): CComponent->__get('name')
#1 C:\NewFolder\yii\framework\web\helpers\CHtml.php(2252): CHtml::resolveValue(Object(UserForm), 'name')
#2 C:\NewFolder\yii\framework\web\helpers\CHtml.php(1434): CHtml::activeInputField('text', Object(UserForm), 'name', Array)
#3 C:\xampp\htdocs\FinalApp\protected\views\user\user.php(6): CHtml::activeTextField(Object(UserForm), 'name')
#4 C:\NewFolder\yii\framework\web\CBaseController.php(126): require('C:\\xampp\\htdocs...')
#5 C:\NewFolder\yii\framework\web\CBaseController.php(95): CBaseController->renderInternal('C:\\xampp\\htdocs...', Array, true)
#6 C:\NewFolder\yii\framework\web\CController.php(869): CBaseController->renderFile('C:\\xampp\\htdocs...', Array, true)
#7 C:\NewFolder\yii\framework\web\CController.php(782): CController->renderPartial('user', Array, true)
#8 C:\xampp\htdocs\FinalApp\protected\controllers\UserController.php(13): CController->render('user', Array)
#9 C:\NewFolder\yii\framework\web\actions\CInlineAction.php(49): UserController->actionUser()
#10 C:\NewFolder\yii\framework\web\CController.php(308): CInlineAction->runWithParams(Array)
#11 C:\NewFolder\yii\framework\web\CController.php(286): CController->runAction(Object(CInlineAction))
#12 C:\NewFolder\yii\framework\web\CController.php(265): CController->runActionWithFilters(Object(CInlineAction), Array)
#13 C:\NewFolder\yii\framework\web\CWebApplication.php(282): CController->run('user')
#14 C:\NewFolder\yii\framework\web\CWebApplication.php(141): CWebApplication->runController('user/user')
#15 C:\NewFolder\yii\framework\base\CApplication.php(180): CWebApplication->processRequest()
#16 C:\xampp\htdocs\FinalApp\index.php(13): CApplication->run()
#17 {main}
REQUEST_URI=/FinalApp/index.php/user/user
---
2019/03/06 07:03:53 [error] [exception.CException] CException: Property "UserForm.name" is not defined. in C:\NewFolder\yii\framework\base\CComponent.php:130
Stack trace:
#0 C:\NewFolder\yii\framework\web\helpers\CHtml.php(2529): CComponent->__get('name')
#1 C:\NewFolder\yii\framework\web\helpers\CHtml.php(2252): CHtml::resolveValue(Object(UserForm), 'name')
#2 C:\NewFolder\yii\framework\web\helpers\CHtml.php(1434): CHtml::activeInputField('text', Object(UserForm), 'name', Array)
#3 C:\xampp\htdocs\FinalApp\protected\views\user\user.php(6): CHtml::activeTextField(Object(UserForm), 'name')
#4 C:\NewFolder\yii\framework\web\CBaseController.php(126): require('C:\\xampp\\htdocs...')
#5 C:\NewFolder\yii\framework\web\CBaseController.php(95): CBaseController->renderInternal('C:\\xampp\\htdocs...', Array, true)
#6 C:\NewFolder\yii\framework\web\CController.php(869): CBaseController->renderFile('C:\\xampp\\htdocs...', Array, true)
#7 C:\NewFolder\yii\framework\web\CController.php(782): CController->renderPartial('user', Array, true)
#8 C:\xampp\htdocs\FinalApp\protected\controllers\UserController.php(13): CController->render('user', Array)
#9 C:\NewFolder\yii\framework\web\actions\CInlineAction.php(49): UserController->actionUser()
#10 C:\NewFolder\yii\framework\web\CController.php(308): CInlineAction->runWithParams(Array)
#11 C:\NewFolder\yii\framework\web\CController.php(286): CController->runAction(Object(CInlineAction))
#12 C:\NewFolder\yii\framework\web\CController.php(265): CController->runActionWithFilters(Object(CInlineAction), Array)
#13 C:\NewFolder\yii\framework\web\CWebApplication.php(282): CController->run('user')
#14 C:\NewFolder\yii\framework\web\CWebApplication.php(141): CWebApplication->runController('user/user')
#15 C:\NewFolder\yii\framework\base\CApplication.php(180): CWebApplication->processRequest()
#16 C:\xampp\htdocs\FinalApp\index.php(13): CApplication->run()
#17 {main}
REQUEST_URI=/FinalApp/index.php/user/user
---
2019/03/06 07:03:53 [error] [exception.CException] CException: Property "UserForm.name" is not defined. in C:\NewFolder\yii\framework\base\CComponent.php:130
Stack trace:
#0 C:\NewFolder\yii\framework\web\helpers\CHtml.php(2529): CComponent->__get('name')
#1 C:\NewFolder\yii\framework\web\helpers\CHtml.php(2252): CHtml::resolveValue(Object(UserForm), 'name')
#2 C:\NewFolder\yii\framework\web\helpers\CHtml.php(1434): CHtml::activeInputField('text', Object(UserForm), 'name', Array)
#3 C:\xampp\htdocs\FinalApp\protected\views\user\user.php(6): CHtml::activeTextField(Object(UserForm), 'name')
#4 C:\NewFolder\yii\framework\web\CBaseController.php(126): require('C:\\xampp\\htdocs...')
#5 C:\NewFolder\yii\framework\web\CBaseController.php(95): CBaseController->renderInternal('C:\\xampp\\htdocs...', Array, true)
#6 C:\NewFolder\yii\framework\web\CController.php(869): CBaseController->renderFile('C:\\xampp\\htdocs...', Array, true)
#7 C:\NewFolder\yii\framework\web\CController.php(782): CController->renderPartial('user', Array, true)
#8 C:\xampp\htdocs\FinalApp\protected\controllers\UserController.php(13): CController->render('user', Array)
#9 C:\NewFolder\yii\framework\web\actions\CInlineAction.php(49): UserController->actionUser()
#10 C:\NewFolder\yii\framework\web\CController.php(308): CInlineAction->runWithParams(Array)
#11 C:\NewFolder\yii\framework\web\CController.php(286): CController->runAction(Object(CInlineAction))
#12 C:\NewFolder\yii\framework\web\CController.php(265): CController->runActionWithFilters(Object(CInlineAction), Array)
#13 C:\NewFolder\yii\framework\web\CWebApplication.php(282): CController->run('user')
#14 C:\NewFolder\yii\framework\web\CWebApplication.php(141): CWebApplication->runController('user/user')
#15 C:\NewFolder\yii\framework\base\CApplication.php(180): CWebApplication->processRequest()
#16 C:\xampp\htdocs\FinalApp\index.php(13): CApplication->run()
#17 {main}
REQUEST_URI=/FinalApp/index.php/user/user
---
2019/03/06 07:05:05 [error] [exception.CException] CException: Property "UserForm.username" is not defined. in C:\NewFolder\yii\framework\base\CComponent.php:130
Stack trace:
#0 C:\NewFolder\yii\framework\web\helpers\CHtml.php(2529): CComponent->__get('username')
#1 C:\NewFolder\yii\framework\web\helpers\CHtml.php(2252): CHtml::resolveValue(Object(UserForm), 'username')
#2 C:\NewFolder\yii\framework\web\helpers\CHtml.php(1434): CHtml::activeInputField('text', Object(UserForm), 'username', Array)
#3 C:\xampp\htdocs\FinalApp\protected\views\user\user.php(6): CHtml::activeTextField(Object(UserForm), 'username')
#4 C:\NewFolder\yii\framework\web\CBaseController.php(126): require('C:\\xampp\\htdocs...')
#5 C:\NewFolder\yii\framework\web\CBaseController.php(95): CBaseController->renderInternal('C:\\xampp\\htdocs...', Array, true)
#6 C:\NewFolder\yii\framework\web\CController.php(869): CBaseController->renderFile('C:\\xampp\\htdocs...', Array, true)
#7 C:\NewFolder\yii\framework\web\CController.php(782): CController->renderPartial('user', Array, true)
#8 C:\xampp\htdocs\FinalApp\protected\controllers\UserController.php(13): CController->render('user', Array)
#9 C:\NewFolder\yii\framework\web\actions\CInlineAction.php(49): UserController->actionUser()
#10 C:\NewFolder\yii\framework\web\CController.php(308): CInlineAction->runWithParams(Array)
#11 C:\NewFolder\yii\framework\web\CController.php(286): CController->runAction(Object(CInlineAction))
#12 C:\NewFolder\yii\framework\web\CController.php(265): CController->runActionWithFilters(Object(CInlineAction), Array)
#13 C:\NewFolder\yii\framework\web\CWebApplication.php(282): CController->run('user')
#14 C:\NewFolder\yii\framework\web\CWebApplication.php(141): CWebApplication->runController('user/user')
#15 C:\NewFolder\yii\framework\base\CApplication.php(180): CWebApplication->processRequest()
#16 C:\xampp\htdocs\FinalApp\index.php(13): CApplication->run()
#17 {main}
REQUEST_URI=/FinalApp/index.php/user/user
---
2019/03/06 07:05:08 [error] [exception.CException] CException: Property "UserForm.username" is not defined. in C:\NewFolder\yii\framework\base\CComponent.php:130
Stack trace:
#0 C:\NewFolder\yii\framework\web\helpers\CHtml.php(2529): CComponent->__get('username')
#1 C:\NewFolder\yii\framework\web\helpers\CHtml.php(2252): CHtml::resolveValue(Object(UserForm), 'username')
#2 C:\NewFolder\yii\framework\web\helpers\CHtml.php(1434): CHtml::activeInputField('text', Object(UserForm), 'username', Array)
#3 C:\xampp\htdocs\FinalApp\protected\views\user\user.php(6): CHtml::activeTextField(Object(UserForm), 'username')
#4 C:\NewFolder\yii\framework\web\CBaseController.php(126): require('C:\\xampp\\htdocs...')
#5 C:\NewFolder\yii\framework\web\CBaseController.php(95): CBaseController->renderInternal('C:\\xampp\\htdocs...', Array, true)
#6 C:\NewFolder\yii\framework\web\CController.php(869): CBaseController->renderFile('C:\\xampp\\htdocs...', Array, true)
#7 C:\NewFolder\yii\framework\web\CController.php(782): CController->renderPartial('user', Array, true)
#8 C:\xampp\htdocs\FinalApp\protected\controllers\UserController.php(13): CController->render('user', Array)
#9 C:\NewFolder\yii\framework\web\actions\CInlineAction.php(49): UserController->actionUser()
#10 C:\NewFolder\yii\framework\web\CController.php(308): CInlineAction->runWithParams(Array)
#11 C:\NewFolder\yii\framework\web\CController.php(286): CController->runAction(Object(CInlineAction))
#12 C:\NewFolder\yii\framework\web\CController.php(265): CController->runActionWithFilters(Object(CInlineAction), Array)
#13 C:\NewFolder\yii\framework\web\CWebApplication.php(282): CController->run('user')
#14 C:\NewFolder\yii\framework\web\CWebApplication.php(141): CWebApplication->runController('user/user')
#15 C:\NewFolder\yii\framework\base\CApplication.php(180): CWebApplication->processRequest()
#16 C:\xampp\htdocs\FinalApp\index.php(13): CApplication->run()
#17 {main}
REQUEST_URI=/FinalApp/index.php/user/user
---
2019/03/06 07:05:08 [error] [exception.CException] CException: Property "UserForm.username" is not defined. in C:\NewFolder\yii\framework\base\CComponent.php:130
Stack trace:
#0 C:\NewFolder\yii\framework\web\helpers\CHtml.php(2529): CComponent->__get('username')
#1 C:\NewFolder\yii\framework\web\helpers\CHtml.php(2252): CHtml::resolveValue(Object(UserForm), 'username')
#2 C:\NewFolder\yii\framework\web\helpers\CHtml.php(1434): CHtml::activeInputField('text', Object(UserForm), 'username', Array)
#3 C:\xampp\htdocs\FinalApp\protected\views\user\user.php(6): CHtml::activeTextField(Object(UserForm), 'username')
#4 C:\NewFolder\yii\framework\web\CBaseController.php(126): require('C:\\xampp\\htdocs...')
#5 C:\NewFolder\yii\framework\web\CBaseController.php(95): CBaseController->renderInternal('C:\\xampp\\htdocs...', Array, true)
#6 C:\NewFolder\yii\framework\web\CController.php(869): CBaseController->renderFile('C:\\xampp\\htdocs...', Array, true)
#7 C:\NewFolder\yii\framework\web\CController.php(782): CController->renderPartial('user', Array, true)
#8 C:\xampp\htdocs\FinalApp\protected\controllers\UserController.php(13): CController->render('user', Array)
#9 C:\NewFolder\yii\framework\web\actions\CInlineAction.php(49): UserController->actionUser()
#10 C:\NewFolder\yii\framework\web\CController.php(308): CInlineAction->runWithParams(Array)
#11 C:\NewFolder\yii\framework\web\CController.php(286): CController->runAction(Object(CInlineAction))
#12 C:\NewFolder\yii\framework\web\CController.php(265): CController->runActionWithFilters(Object(CInlineAction), Array)
#13 C:\NewFolder\yii\framework\web\CWebApplication.php(282): CController->run('user')
#14 C:\NewFolder\yii\framework\web\CWebApplication.php(141): CWebApplication->runController('user/user')
#15 C:\NewFolder\yii\framework\base\CApplication.php(180): CWebApplication->processRequest()
#16 C:\xampp\htdocs\FinalApp\index.php(13): CApplication->run()
#17 {main}
REQUEST_URI=/FinalApp/index.php/user/user
---
2019/03/06 07:05:09 [error] [exception.CException] CException: Property "UserForm.username" is not defined. in C:\NewFolder\yii\framework\base\CComponent.php:130
Stack trace:
#0 C:\NewFolder\yii\framework\web\helpers\CHtml.php(2529): CComponent->__get('username')
#1 C:\NewFolder\yii\framework\web\helpers\CHtml.php(2252): CHtml::resolveValue(Object(UserForm), 'username')
#2 C:\NewFolder\yii\framework\web\helpers\CHtml.php(1434): CHtml::activeInputField('text', Object(UserForm), 'username', Array)
#3 C:\xampp\htdocs\FinalApp\protected\views\user\user.php(6): CHtml::activeTextField(Object(UserForm), 'username')
#4 C:\NewFolder\yii\framework\web\CBaseController.php(126): require('C:\\xampp\\htdocs...')
#5 C:\NewFolder\yii\framework\web\CBaseController.php(95): CBaseController->renderInternal('C:\\xampp\\htdocs...', Array, true)
#6 C:\NewFolder\yii\framework\web\CController.php(869): CBaseController->renderFile('C:\\xampp\\htdocs...', Array, true)
#7 C:\NewFolder\yii\framework\web\CController.php(782): CController->renderPartial('user', Array, true)
#8 C:\xampp\htdocs\FinalApp\protected\controllers\UserController.php(13): CController->render('user', Array)
#9 C:\NewFolder\yii\framework\web\actions\CInlineAction.php(49): UserController->actionUser()
#10 C:\NewFolder\yii\framework\web\CController.php(308): CInlineAction->runWithParams(Array)
#11 C:\NewFolder\yii\framework\web\CController.php(286): CController->runAction(Object(CInlineAction))
#12 C:\NewFolder\yii\framework\web\CController.php(265): CController->runActionWithFilters(Object(CInlineAction), Array)
#13 C:\NewFolder\yii\framework\web\CWebApplication.php(282): CController->run('user')
#14 C:\NewFolder\yii\framework\web\CWebApplication.php(141): CWebApplication->runController('user/user')
#15 C:\NewFolder\yii\framework\base\CApplication.php(180): CWebApplication->processRequest()
#16 C:\xampp\htdocs\FinalApp\index.php(13): CApplication->run()
#17 {main}
REQUEST_URI=/FinalApp/index.php/user/user
---
2019/03/06 07:05:09 [error] [exception.CException] CException: Property "UserForm.username" is not defined. in C:\NewFolder\yii\framework\base\CComponent.php:130
Stack trace:
#0 C:\NewFolder\yii\framework\web\helpers\CHtml.php(2529): CComponent->__get('username')
#1 C:\NewFolder\yii\framework\web\helpers\CHtml.php(2252): CHtml::resolveValue(Object(UserForm), 'username')
#2 C:\NewFolder\yii\framework\web\helpers\CHtml.php(1434): CHtml::activeInputField('text', Object(UserForm), 'username', Array)
#3 C:\xampp\htdocs\FinalApp\protected\views\user\user.php(6): CHtml::activeTextField(Object(UserForm), 'username')
#4 C:\NewFolder\yii\framework\web\CBaseController.php(126): require('C:\\xampp\\htdocs...')
#5 C:\NewFolder\yii\framework\web\CBaseController.php(95): CBaseController->renderInternal('C:\\xampp\\htdocs...', Array, true)
#6 C:\NewFolder\yii\framework\web\CController.php(869): CBaseController->renderFile('C:\\xampp\\htdocs...', Array, true)
#7 C:\NewFolder\yii\framework\web\CController.php(782): CController->renderPartial('user', Array, true)
#8 C:\xampp\htdocs\FinalApp\protected\controllers\UserController.php(13): CController->render('user', Array)
#9 C:\NewFolder\yii\framework\web\actions\CInlineAction.php(49): UserController->actionUser()
#10 C:\NewFolder\yii\framework\web\CController.php(308): CInlineAction->runWithParams(Array)
#11 C:\NewFolder\yii\framework\web\CController.php(286): CController->runAction(Object(CInlineAction))
#12 C:\NewFolder\yii\framework\web\CController.php(265): CController->runActionWithFilters(Object(CInlineAction), Array)
#13 C:\NewFolder\yii\framework\web\CWebApplication.php(282): CController->run('user')
#14 C:\NewFolder\yii\framework\web\CWebApplication.php(141): CWebApplication->runController('user/user')
#15 C:\NewFolder\yii\framework\base\CApplication.php(180): CWebApplication->processRequest()
#16 C:\xampp\htdocs\FinalApp\index.php(13): CApplication->run()
#17 {main}
REQUEST_URI=/FinalApp/index.php/user/user
---
2019/03/06 07:08:17 [error] [php] include(authenticate.php): failed to open stream: No such file or directory (C:\NewFolder\yii\framework\YiiBase.php:427)
Stack trace:
#0 C:\NewFolder\yii\framework\validators\CValidator.php(186): import()
#1 C:\NewFolder\yii\framework\base\CModel.php(287): createValidator()
#2 C:\NewFolder\yii\framework\base\CModel.php(260): UserForm->createValidators()
#3 C:\NewFolder\yii\framework\web\helpers\CHtml.php(2236): UserForm->getValidators()
#4 C:\NewFolder\yii\framework\web\helpers\CHtml.php(1434): activeInputField()
#5 C:\xampp\htdocs\FinalApp\protected\views\user\user.php(6): activeTextField()
#6 C:\NewFolder\yii\framework\web\CBaseController.php(126): require()
#7 C:\NewFolder\yii\framework\web\CBaseController.php(95): UserController->renderInternal()
#8 C:\NewFolder\yii\framework\web\CController.php(869): UserController->renderFile()
#9 C:\NewFolder\yii\framework\web\CController.php(782): UserController->renderPartial()
#10 C:\xampp\htdocs\FinalApp\protected\controllers\UserController.php(13): UserController->render()
#11 C:\NewFolder\yii\framework\web\actions\CInlineAction.php(49): UserController->actionUser()
#12 C:\NewFolder\yii\framework\web\CController.php(308): CInlineAction->runWithParams()
#13 C:\NewFolder\yii\framework\web\CController.php(286): UserController->runAction()
#14 C:\NewFolder\yii\framework\web\CController.php(265): UserController->runActionWithFilters()
#15 C:\NewFolder\yii\framework\web\CWebApplication.php(282): UserController->run()
#16 C:\NewFolder\yii\framework\web\CWebApplication.php(141): CWebApplication->runController()
#17 C:\NewFolder\yii\framework\base\CApplication.php(180): CWebApplication->processRequest()
#18 C:\xampp\htdocs\FinalApp\index.php(13): CWebApplication->run()
REQUEST_URI=/FinalApp/index.php/user/user
in C:\xampp\htdocs\FinalApp\protected\views\user\user.php (6)
in C:\xampp\htdocs\FinalApp\protected\controllers\UserController.php (13)
in C:\xampp\htdocs\FinalApp\index.php (13)
2019/03/06 07:09:47 [error] [php] include(authenticate.php): failed to open stream: No such file or directory (C:\NewFolder\yii\framework\YiiBase.php:427)
Stack trace:
#0 C:\NewFolder\yii\framework\validators\CValidator.php(186): import()
#1 C:\NewFolder\yii\framework\base\CModel.php(287): createValidator()
#2 C:\NewFolder\yii\framework\base\CModel.php(260): UserForm->createValidators()
#3 C:\NewFolder\yii\framework\web\helpers\CHtml.php(2236): UserForm->getValidators()
#4 C:\NewFolder\yii\framework\web\helpers\CHtml.php(1434): activeInputField()
#5 C:\xampp\htdocs\FinalApp\protected\views\user\user.php(6): activeTextField()
#6 C:\NewFolder\yii\framework\web\CBaseController.php(126): require()
#7 C:\NewFolder\yii\framework\web\CBaseController.php(95): UserController->renderInternal()
#8 C:\NewFolder\yii\framework\web\CController.php(869): UserController->renderFile()
#9 C:\NewFolder\yii\framework\web\CController.php(782): UserController->renderPartial()
#10 C:\xampp\htdocs\FinalApp\protected\controllers\UserController.php(13): UserController->render()
#11 C:\NewFolder\yii\framework\web\actions\CInlineAction.php(49): UserController->actionUser()
#12 C:\NewFolder\yii\framework\web\CController.php(308): CInlineAction->runWithParams()
#13 C:\NewFolder\yii\framework\web\CController.php(286): UserController->runAction()
#14 C:\NewFolder\yii\framework\web\CController.php(265): UserController->runActionWithFilters()
#15 C:\NewFolder\yii\framework\web\CWebApplication.php(282): UserController->run()
#16 C:\NewFolder\yii\framework\web\CWebApplication.php(141): CWebApplication->runController()
#17 C:\NewFolder\yii\framework\base\CApplication.php(180): CWebApplication->processRequest()
#18 C:\xampp\htdocs\FinalApp\index.php(13): CWebApplication->run()
REQUEST_URI=/FinalApp/index.php/user/user
in C:\xampp\htdocs\FinalApp\protected\views\user\user.php (6)
in C:\xampp\htdocs\FinalApp\protected\controllers\UserController.php (13)
in C:\xampp\htdocs\FinalApp\index.php (13)
2019/03/06 07:09:48 [error] [php] include(authenticate.php): failed to open stream: No such file or directory (C:\NewFolder\yii\framework\YiiBase.php:427)
Stack trace:
#0 C:\NewFolder\yii\framework\validators\CValidator.php(186): import()
#1 C:\NewFolder\yii\framework\base\CModel.php(287): createValidator()
#2 C:\NewFolder\yii\framework\base\CModel.php(260): UserForm->createValidators()
#3 C:\NewFolder\yii\framework\web\helpers\CHtml.php(2236): UserForm->getValidators()
#4 C:\NewFolder\yii\framework\web\helpers\CHtml.php(1434): activeInputField()
#5 C:\xampp\htdocs\FinalApp\protected\views\user\user.php(6): activeTextField()
#6 C:\NewFolder\yii\framework\web\CBaseController.php(126): require()
#7 C:\NewFolder\yii\framework\web\CBaseController.php(95): UserController->renderInternal()
#8 C:\NewFolder\yii\framework\web\CController.php(869): UserController->renderFile()
#9 C:\NewFolder\yii\framework\web\CController.php(782): UserController->renderPartial()
#10 C:\xampp\htdocs\FinalApp\protected\controllers\UserController.php(13): UserController->render()
#11 C:\NewFolder\yii\framework\web\actions\CInlineAction.php(49): UserController->actionUser()
#12 C:\NewFolder\yii\framework\web\CController.php(308): CInlineAction->runWithParams()
#13 C:\NewFolder\yii\framework\web\CController.php(286): UserController->runAction()
#14 C:\NewFolder\yii\framework\web\CController.php(265): UserController->runActionWithFilters()
#15 C:\NewFolder\yii\framework\web\CWebApplication.php(282): UserController->run()
#16 C:\NewFolder\yii\framework\web\CWebApplication.php(141): CWebApplication->runController()
#17 C:\NewFolder\yii\framework\base\CApplication.php(180): CWebApplication->processRequest()
#18 C:\xampp\htdocs\FinalApp\index.php(13): CWebApplication->run()
REQUEST_URI=/FinalApp/index.php/user/user
in C:\xampp\htdocs\FinalApp\protected\views\user\user.php (6)
in C:\xampp\htdocs\FinalApp\protected\controllers\UserController.php (13)
in C:\xampp\htdocs\FinalApp\index.php (13)
2019/03/06 07:09:49 [error] [php] include(authenticate.php): failed to open stream: No such file or directory (C:\NewFolder\yii\framework\YiiBase.php:427)
Stack trace:
#0 C:\NewFolder\yii\framework\validators\CValidator.php(186): import()
#1 C:\NewFolder\yii\framework\base\CModel.php(287): createValidator()
#2 C:\NewFolder\yii\framework\base\CModel.php(260): UserForm->createValidators()
#3 C:\NewFolder\yii\framework\web\helpers\CHtml.php(2236): UserForm->getValidators()
#4 C:\NewFolder\yii\framework\web\helpers\CHtml.php(1434): activeInputField()
#5 C:\xampp\htdocs\FinalApp\protected\views\user\user.php(6): activeTextField()
#6 C:\NewFolder\yii\framework\web\CBaseController.php(126): require()
#7 C:\NewFolder\yii\framework\web\CBaseController.php(95): UserController->renderInternal()
#8 C:\NewFolder\yii\framework\web\CController.php(869): UserController->renderFile()
#9 C:\NewFolder\yii\framework\web\CController.php(782): UserController->renderPartial()
#10 C:\xampp\htdocs\FinalApp\protected\controllers\UserController.php(13): UserController->render()
#11 C:\NewFolder\yii\framework\web\actions\CInlineAction.php(49): UserController->actionUser()
#12 C:\NewFolder\yii\framework\web\CController.php(308): CInlineAction->runWithParams()
#13 C:\NewFolder\yii\framework\web\CController.php(286): UserController->runAction()
#14 C:\NewFolder\yii\framework\web\CController.php(265): UserController->runActionWithFilters()
#15 C:\NewFolder\yii\framework\web\CWebApplication.php(282): UserController->run()
#16 C:\NewFolder\yii\framework\web\CWebApplication.php(141): CWebApplication->runController()
#17 C:\NewFolder\yii\framework\base\CApplication.php(180): CWebApplication->processRequest()
#18 C:\xampp\htdocs\FinalApp\index.php(13): CWebApplication->run()
REQUEST_URI=/FinalApp/index.php/user/user
in C:\xampp\htdocs\FinalApp\protected\views\user\user.php (6)
in C:\xampp\htdocs\FinalApp\protected\controllers\UserController.php (13)
in C:\xampp\htdocs\FinalApp\index.php (13)
2019/03/06 07:09:49 [error] [php] include(authenticate.php): failed to open stream: No such file or directory (C:\NewFolder\yii\framework\YiiBase.php:427)
Stack trace:
#0 C:\NewFolder\yii\framework\validators\CValidator.php(186): import()
#1 C:\NewFolder\yii\framework\base\CModel.php(287): createValidator()
#2 C:\NewFolder\yii\framework\base\CModel.php(260): UserForm->createValidators()
#3 C:\NewFolder\yii\framework\web\helpers\CHtml.php(2236): UserForm->getValidators()
#4 C:\NewFolder\yii\framework\web\helpers\CHtml.php(1434): activeInputField()
#5 C:\xampp\htdocs\FinalApp\protected\views\user\user.php(6): activeTextField()
#6 C:\NewFolder\yii\framework\web\CBaseController.php(126): require()
#7 C:\NewFolder\yii\framework\web\CBaseController.php(95): UserController->renderInternal()
#8 C:\NewFolder\yii\framework\web\CController.php(869): UserController->renderFile()
#9 C:\NewFolder\yii\framework\web\CController.php(782): UserController->renderPartial()
#10 C:\xampp\htdocs\FinalApp\protected\controllers\UserController.php(13): UserController->render()
#11 C:\NewFolder\yii\framework\web\actions\CInlineAction.php(49): UserController->actionUser()
#12 C:\NewFolder\yii\framework\web\CController.php(308): CInlineAction->runWithParams()
#13 C:\NewFolder\yii\framework\web\CController.php(286): UserController->runAction()
#14 C:\NewFolder\yii\framework\web\CController.php(265): UserController->runActionWithFilters()
#15 C:\NewFolder\yii\framework\web\CWebApplication.php(282): UserController->run()
#16 C:\NewFolder\yii\framework\web\CWebApplication.php(141): CWebApplication->runController()
#17 C:\NewFolder\yii\framework\base\CApplication.php(180): CWebApplication->processRequest()
#18 C:\xampp\htdocs\FinalApp\index.php(13): CWebApplication->run()
REQUEST_URI=/FinalApp/index.php/user/user
in C:\xampp\htdocs\FinalApp\protected\views\user\user.php (6)
in C:\xampp\htdocs\FinalApp\protected\controllers\UserController.php (13)
in C:\xampp\htdocs\FinalApp\index.php (13)
2019/03/06 07:09:49 [error] [php] include(authenticate.php): failed to open stream: No such file or directory (C:\NewFolder\yii\framework\YiiBase.php:427)
Stack trace:
#0 C:\NewFolder\yii\framework\validators\CValidator.php(186): import()
#1 C:\NewFolder\yii\framework\base\CModel.php(287): createValidator()
#2 C:\NewFolder\yii\framework\base\CModel.php(260): UserForm->createValidators()
#3 C:\NewFolder\yii\framework\web\helpers\CHtml.php(2236): UserForm->getValidators()
#4 C:\NewFolder\yii\framework\web\helpers\CHtml.php(1434): activeInputField()
#5 C:\xampp\htdocs\FinalApp\protected\views\user\user.php(6): activeTextField()
#6 C:\NewFolder\yii\framework\web\CBaseController.php(126): require()
#7 C:\NewFolder\yii\framework\web\CBaseController.php(95): UserController->renderInternal()
#8 C:\NewFolder\yii\framework\web\CController.php(869): UserController->renderFile()
#9 C:\NewFolder\yii\framework\web\CController.php(782): UserController->renderPartial()
#10 C:\xampp\htdocs\FinalApp\protected\controllers\UserController.php(13): UserController->render()
#11 C:\NewFolder\yii\framework\web\actions\CInlineAction.php(49): UserController->actionUser()
#12 C:\NewFolder\yii\framework\web\CController.php(308): CInlineAction->runWithParams()
#13 C:\NewFolder\yii\framework\web\CController.php(286): UserController->runAction()
#14 C:\NewFolder\yii\framework\web\CController.php(265): UserController->runActionWithFilters()
#15 C:\NewFolder\yii\framework\web\CWebApplication.php(282): UserController->run()
#16 C:\NewFolder\yii\framework\web\CWebApplication.php(141): CWebApplication->runController()
#17 C:\NewFolder\yii\framework\base\CApplication.php(180): CWebApplication->processRequest()
#18 C:\xampp\htdocs\FinalApp\index.php(13): CWebApplication->run()
REQUEST_URI=/FinalApp/index.php/user/user
in C:\xampp\htdocs\FinalApp\protected\views\user\user.php (6)
in C:\xampp\htdocs\FinalApp\protected\controllers\UserController.php (13)
in C:\xampp\htdocs\FinalApp\index.php (13)
2019/03/06 07:09:50 [error] [php] include(authenticate.php): failed to open stream: No such file or directory (C:\NewFolder\yii\framework\YiiBase.php:427)
Stack trace:
#0 C:\NewFolder\yii\framework\validators\CValidator.php(186): import()
#1 C:\NewFolder\yii\framework\base\CModel.php(287): createValidator()
#2 C:\NewFolder\yii\framework\base\CModel.php(260): UserForm->createValidators()
#3 C:\NewFolder\yii\framework\web\helpers\CHtml.php(2236): UserForm->getValidators()
#4 C:\NewFolder\yii\framework\web\helpers\CHtml.php(1434): activeInputField()
#5 C:\xampp\htdocs\FinalApp\protected\views\user\user.php(6): activeTextField()
#6 C:\NewFolder\yii\framework\web\CBaseController.php(126): require()
#7 C:\NewFolder\yii\framework\web\CBaseController.php(95): UserController->renderInternal()
#8 C:\NewFolder\yii\framework\web\CController.php(869): UserController->renderFile()
#9 C:\NewFolder\yii\framework\web\CController.php(782): UserController->renderPartial()
#10 C:\xampp\htdocs\FinalApp\protected\controllers\UserController.php(13): UserController->render()
#11 C:\NewFolder\yii\framework\web\actions\CInlineAction.php(49): UserController->actionUser()
#12 C:\NewFolder\yii\framework\web\CController.php(308): CInlineAction->runWithParams()
#13 C:\NewFolder\yii\framework\web\CController.php(286): UserController->runAction()
#14 C:\NewFolder\yii\framework\web\CController.php(265): UserController->runActionWithFilters()
#15 C:\NewFolder\yii\framework\web\CWebApplication.php(282): UserController->run()
#16 C:\NewFolder\yii\framework\web\CWebApplication.php(141): CWebApplication->runController()
#17 C:\NewFolder\yii\framework\base\CApplication.php(180): CWebApplication->processRequest()
#18 C:\xampp\htdocs\FinalApp\index.php(13): CWebApplication->run()
REQUEST_URI=/FinalApp/index.php/user/user
in C:\xampp\htdocs\FinalApp\protected\views\user\user.php (6)
in C:\xampp\htdocs\FinalApp\protected\controllers\UserController.php (13)
in C:\xampp\htdocs\FinalApp\index.php (13)
2019/03/06 07:09:50 [error] [php] include(authenticate.php): failed to open stream: No such file or directory (C:\NewFolder\yii\framework\YiiBase.php:427)
Stack trace:
#0 C:\NewFolder\yii\framework\validators\CValidator.php(186): import()
#1 C:\NewFolder\yii\framework\base\CModel.php(287): createValidator()
#2 C:\NewFolder\yii\framework\base\CModel.php(260): UserForm->createValidators()
#3 C:\NewFolder\yii\framework\web\helpers\CHtml.php(2236): UserForm->getValidators()
#4 C:\NewFolder\yii\framework\web\helpers\CHtml.php(1434): activeInputField()
#5 C:\xampp\htdocs\FinalApp\protected\views\user\user.php(6): activeTextField()
#6 C:\NewFolder\yii\framework\web\CBaseController.php(126): require()
#7 C:\NewFolder\yii\framework\web\CBaseController.php(95): UserController->renderInternal()
#8 C:\NewFolder\yii\framework\web\CController.php(869): UserController->renderFile()
#9 C:\NewFolder\yii\framework\web\CController.php(782): UserController->renderPartial()
#10 C:\xampp\htdocs\FinalApp\protected\controllers\UserController.php(13): UserController->render()
#11 C:\NewFolder\yii\framework\web\actions\CInlineAction.php(49): UserController->actionUser()
#12 C:\NewFolder\yii\framework\web\CController.php(308): CInlineAction->runWithParams()
#13 C:\NewFolder\yii\framework\web\CController.php(286): UserController->runAction()
#14 C:\NewFolder\yii\framework\web\CController.php(265): UserController->runActionWithFilters()
#15 C:\NewFolder\yii\framework\web\CWebApplication.php(282): UserController->run()
#16 C:\NewFolder\yii\framework\web\CWebApplication.php(141): CWebApplication->runController()
#17 C:\NewFolder\yii\framework\base\CApplication.php(180): CWebApplication->processRequest()
#18 C:\xampp\htdocs\FinalApp\index.php(13): CWebApplication->run()
REQUEST_URI=/FinalApp/index.php/user/user
in C:\xampp\htdocs\FinalApp\protected\views\user\user.php (6)
in C:\xampp\htdocs\FinalApp\protected\controllers\UserController.php (13)
in C:\xampp\htdocs\FinalApp\index.php (13)
2019/03/06 07:09:50 [error] [php] include(authenticate.php): failed to open stream: No such file or directory (C:\NewFolder\yii\framework\YiiBase.php:427)
Stack trace:
#0 C:\NewFolder\yii\framework\validators\CValidator.php(186): import()
#1 C:\NewFolder\yii\framework\base\CModel.php(287): createValidator()
#2 C:\NewFolder\yii\framework\base\CModel.php(260): UserForm->createValidators()
#3 C:\NewFolder\yii\framework\web\helpers\CHtml.php(2236): UserForm->getValidators()
#4 C:\NewFolder\yii\framework\web\helpers\CHtml.php(1434): activeInputField()
#5 C:\xampp\htdocs\FinalApp\protected\views\user\user.php(6): activeTextField()
#6 C:\NewFolder\yii\framework\web\CBaseController.php(126): require()
#7 C:\NewFolder\yii\framework\web\CBaseController.php(95): UserController->renderInternal()
#8 C:\NewFolder\yii\framework\web\CController.php(869): UserController->renderFile()
#9 C:\NewFolder\yii\framework\web\CController.php(782): UserController->renderPartial()
#10 C:\xampp\htdocs\FinalApp\protected\controllers\UserController.php(13): UserController->render()
#11 C:\NewFolder\yii\framework\web\actions\CInlineAction.php(49): UserController->actionUser()
#12 C:\NewFolder\yii\framework\web\CController.php(308): CInlineAction->runWithParams()
#13 C:\NewFolder\yii\framework\web\CController.php(286): UserController->runAction()
#14 C:\NewFolder\yii\framework\web\CController.php(265): UserController->runActionWithFilters()
#15 C:\NewFolder\yii\framework\web\CWebApplication.php(282): UserController->run()
#16 C:\NewFolder\yii\framework\web\CWebApplication.php(141): CWebApplication->runController()
#17 C:\NewFolder\yii\framework\base\CApplication.php(180): CWebApplication->processRequest()
#18 C:\xampp\htdocs\FinalApp\index.php(13): CWebApplication->run()
REQUEST_URI=/FinalApp/index.php/user/user
in C:\xampp\htdocs\FinalApp\protected\views\user\user.php (6)
in C:\xampp\htdocs\FinalApp\protected\controllers\UserController.php (13)
in C:\xampp\htdocs\FinalApp\index.php (13)
2019/03/06 07:09:50 [error] [php] include(authenticate.php): failed to open stream: No such file or directory (C:\NewFolder\yii\framework\YiiBase.php:427)
Stack trace:
#0 C:\NewFolder\yii\framework\validators\CValidator.php(186): import()
#1 C:\NewFolder\yii\framework\base\CModel.php(287): createValidator()
#2 C:\NewFolder\yii\framework\base\CModel.php(260): UserForm->createValidators()
#3 C:\NewFolder\yii\framework\web\helpers\CHtml.php(2236): UserForm->getValidators()
#4 C:\NewFolder\yii\framework\web\helpers\CHtml.php(1434): activeInputField()
#5 C:\xampp\htdocs\FinalApp\protected\views\user\user.php(6): activeTextField()
#6 C:\NewFolder\yii\framework\web\CBaseController.php(126): require()
#7 C:\NewFolder\yii\framework\web\CBaseController.php(95): UserController->renderInternal()
#8 C:\NewFolder\yii\framework\web\CController.php(869): UserController->renderFile()
#9 C:\NewFolder\yii\framework\web\CController.php(782): UserController->renderPartial()
#10 C:\xampp\htdocs\FinalApp\protected\controllers\UserController.php(13): UserController->render()
#11 C:\NewFolder\yii\framework\web\actions\CInlineAction.php(49): UserController->actionUser()
#12 C:\NewFolder\yii\framework\web\CController.php(308): CInlineAction->runWithParams()
#13 C:\NewFolder\yii\framework\web\CController.php(286): UserController->runAction()
#14 C:\NewFolder\yii\framework\web\CController.php(265): UserController->runActionWithFilters()
#15 C:\NewFolder\yii\framework\web\CWebApplication.php(282): UserController->run()
#16 C:\NewFolder\yii\framework\web\CWebApplication.php(141): CWebApplication->runController()
#17 C:\NewFolder\yii\framework\base\CApplication.php(180): CWebApplication->processRequest()
#18 C:\xampp\htdocs\FinalApp\index.php(13): CWebApplication->run()
REQUEST_URI=/FinalApp/index.php/user/user
in C:\xampp\htdocs\FinalApp\protected\views\user\user.php (6)
in C:\xampp\htdocs\FinalApp\protected\controllers\UserController.php (13)
in C:\xampp\htdocs\FinalApp\index.php (13)
2019/03/06 07:09:50 [error] [php] include(authenticate.php): failed to open stream: No such file or directory (C:\NewFolder\yii\framework\YiiBase.php:427)
Stack trace:
#0 C:\NewFolder\yii\framework\validators\CValidator.php(186): import()
#1 C:\NewFolder\yii\framework\base\CModel.php(287): createValidator()
#2 C:\NewFolder\yii\framework\base\CModel.php(260): UserForm->createValidators()
#3 C:\NewFolder\yii\framework\web\helpers\CHtml.php(2236): UserForm->getValidators()
#4 C:\NewFolder\yii\framework\web\helpers\CHtml.php(1434): activeInputField()
#5 C:\xampp\htdocs\FinalApp\protected\views\user\user.php(6): activeTextField()
#6 C:\NewFolder\yii\framework\web\CBaseController.php(126): require()
#7 C:\NewFolder\yii\framework\web\CBaseController.php(95): UserController->renderInternal()
#8 C:\NewFolder\yii\framework\web\CController.php(869): UserController->renderFile()
#9 C:\NewFolder\yii\framework\web\CController.php(782): UserController->renderPartial()
#10 C:\xampp\htdocs\FinalApp\protected\controllers\UserController.php(13): UserController->render()
#11 C:\NewFolder\yii\framework\web\actions\CInlineAction.php(49): UserController->actionUser()
#12 C:\NewFolder\yii\framework\web\CController.php(308): CInlineAction->runWithParams()
#13 C:\NewFolder\yii\framework\web\CController.php(286): UserController->runAction()
#14 C:\NewFolder\yii\framework\web\CController.php(265): UserController->runActionWithFilters()
#15 C:\NewFolder\yii\framework\web\CWebApplication.php(282): UserController->run()
#16 C:\NewFolder\yii\framework\web\CWebApplication.php(141): CWebApplication->runController()
#17 C:\NewFolder\yii\framework\base\CApplication.php(180): CWebApplication->processRequest()
#18 C:\xampp\htdocs\FinalApp\index.php(13): CWebApplication->run()
REQUEST_URI=/FinalApp/index.php/user/user
in C:\xampp\htdocs\FinalApp\protected\views\user\user.php (6)
in C:\xampp\htdocs\FinalApp\protected\controllers\UserController.php (13)
in C:\xampp\htdocs\FinalApp\index.php (13)
2019/03/06 07:09:51 [error] [php] include(authenticate.php): failed to open stream: No such file or directory (C:\NewFolder\yii\framework\YiiBase.php:427)
Stack trace:
#0 C:\NewFolder\yii\framework\validators\CValidator.php(186): import()
#1 C:\NewFolder\yii\framework\base\CModel.php(287): createValidator()
#2 C:\NewFolder\yii\framework\base\CModel.php(260): UserForm->createValidators()
#3 C:\NewFolder\yii\framework\web\helpers\CHtml.php(2236): UserForm->getValidators()
#4 C:\NewFolder\yii\framework\web\helpers\CHtml.php(1434): activeInputField()
#5 C:\xampp\htdocs\FinalApp\protected\views\user\user.php(6): activeTextField()
#6 C:\NewFolder\yii\framework\web\CBaseController.php(126): require()
#7 C:\NewFolder\yii\framework\web\CBaseController.php(95): UserController->renderInternal()
#8 C:\NewFolder\yii\framework\web\CController.php(869): UserController->renderFile()
#9 C:\NewFolder\yii\framework\web\CController.php(782): UserController->renderPartial()
#10 C:\xampp\htdocs\FinalApp\protected\controllers\UserController.php(13): UserController->render()
#11 C:\NewFolder\yii\framework\web\actions\CInlineAction.php(49): UserController->actionUser()
#12 C:\NewFolder\yii\framework\web\CController.php(308): CInlineAction->runWithParams()
#13 C:\NewFolder\yii\framework\web\CController.php(286): UserController->runAction()
#14 C:\NewFolder\yii\framework\web\CController.php(265): UserController->runActionWithFilters()
#15 C:\NewFolder\yii\framework\web\CWebApplication.php(282): UserController->run()
#16 C:\NewFolder\yii\framework\web\CWebApplication.php(141): CWebApplication->runController()
#17 C:\NewFolder\yii\framework\base\CApplication.php(180): CWebApplication->processRequest()
#18 C:\xampp\htdocs\FinalApp\index.php(13): CWebApplication->run()
REQUEST_URI=/FinalApp/index.php/user/user
in C:\xampp\htdocs\FinalApp\protected\views\user\user.php (6)
in C:\xampp\htdocs\FinalApp\protected\controllers\UserController.php (13)
in C:\xampp\htdocs\FinalApp\index.php (13)
2019/03/06 07:09:51 [error] [php] include(authenticate.php): failed to open stream: No such file or directory (C:\NewFolder\yii\framework\YiiBase.php:427)
Stack trace:
#0 C:\NewFolder\yii\framework\validators\CValidator.php(186): import()
#1 C:\NewFolder\yii\framework\base\CModel.php(287): createValidator()
#2 C:\NewFolder\yii\framework\base\CModel.php(260): UserForm->createValidators()
#3 C:\NewFolder\yii\framework\web\helpers\CHtml.php(2236): UserForm->getValidators()
#4 C:\NewFolder\yii\framework\web\helpers\CHtml.php(1434): activeInputField()
#5 C:\xampp\htdocs\FinalApp\protected\views\user\user.php(6): activeTextField()
#6 C:\NewFolder\yii\framework\web\CBaseController.php(126): require()
#7 C:\NewFolder\yii\framework\web\CBaseController.php(95): UserController->renderInternal()
#8 C:\NewFolder\yii\framework\web\CController.php(869): UserController->renderFile()
#9 C:\NewFolder\yii\framework\web\CController.php(782): UserController->renderPartial()
#10 C:\xampp\htdocs\FinalApp\protected\controllers\UserController.php(13): UserController->render()
#11 C:\NewFolder\yii\framework\web\actions\CInlineAction.php(49): UserController->actionUser()
#12 C:\NewFolder\yii\framework\web\CController.php(308): CInlineAction->runWithParams()
#13 C:\NewFolder\yii\framework\web\CController.php(286): UserController->runAction()
#14 C:\NewFolder\yii\framework\web\CController.php(265): UserController->runActionWithFilters()
#15 C:\NewFolder\yii\framework\web\CWebApplication.php(282): UserController->run()
#16 C:\NewFolder\yii\framework\web\CWebApplication.php(141): CWebApplication->runController()
#17 C:\NewFolder\yii\framework\base\CApplication.php(180): CWebApplication->processRequest()
#18 C:\xampp\htdocs\FinalApp\index.php(13): CWebApplication->run()
REQUEST_URI=/FinalApp/index.php/user/user
in C:\xampp\htdocs\FinalApp\protected\views\user\user.php (6)
in C:\xampp\htdocs\FinalApp\protected\controllers\UserController.php (13)
in C:\xampp\htdocs\FinalApp\index.php (13)
2019/03/06 07:09:51 [error] [php] include(authenticate.php): failed to open stream: No such file or directory (C:\NewFolder\yii\framework\YiiBase.php:427)
Stack trace:
#0 C:\NewFolder\yii\framework\validators\CValidator.php(186): import()
#1 C:\NewFolder\yii\framework\base\CModel.php(287): createValidator()
#2 C:\NewFolder\yii\framework\base\CModel.php(260): UserForm->createValidators()
#3 C:\NewFolder\yii\framework\web\helpers\CHtml.php(2236): UserForm->getValidators()
#4 C:\NewFolder\yii\framework\web\helpers\CHtml.php(1434): activeInputField()
#5 C:\xampp\htdocs\FinalApp\protected\views\user\user.php(6): activeTextField()
#6 C:\NewFolder\yii\framework\web\CBaseController.php(126): require()
#7 C:\NewFolder\yii\framework\web\CBaseController.php(95): UserController->renderInternal()
#8 C:\NewFolder\yii\framework\web\CController.php(869): UserController->renderFile()
#9 C:\NewFolder\yii\framework\web\CController.php(782): UserController->renderPartial()
#10 C:\xampp\htdocs\FinalApp\protected\controllers\UserController.php(13): UserController->render()
#11 C:\NewFolder\yii\framework\web\actions\CInlineAction.php(49): UserController->actionUser()
#12 C:\NewFolder\yii\framework\web\CController.php(308): CInlineAction->runWithParams()
#13 C:\NewFolder\yii\framework\web\CController.php(286): UserController->runAction()
#14 C:\NewFolder\yii\framework\web\CController.php(265): UserController->runActionWithFilters()
#15 C:\NewFolder\yii\framework\web\CWebApplication.php(282): UserController->run()
#16 C:\NewFolder\yii\framework\web\CWebApplication.php(141): CWebApplication->runController()
#17 C:\NewFolder\yii\framework\base\CApplication.php(180): CWebApplication->processRequest()
#18 C:\xampp\htdocs\FinalApp\index.php(13): CWebApplication->run()
REQUEST_URI=/FinalApp/index.php/user/user
in C:\xampp\htdocs\FinalApp\protected\views\user\user.php (6)
in C:\xampp\htdocs\FinalApp\protected\controllers\UserController.php (13)
in C:\xampp\htdocs\FinalApp\index.php (13)
2019/03/06 07:09:51 [error] [php] include(authenticate.php): failed to open stream: No such file or directory (C:\NewFolder\yii\framework\YiiBase.php:427)
Stack trace:
#0 C:\NewFolder\yii\framework\validators\CValidator.php(186): import()
#1 C:\NewFolder\yii\framework\base\CModel.php(287): createValidator()
#2 C:\NewFolder\yii\framework\base\CModel.php(260): UserForm->createValidators()
#3 C:\NewFolder\yii\framework\web\helpers\CHtml.php(2236): UserForm->getValidators()
#4 C:\NewFolder\yii\framework\web\helpers\CHtml.php(1434): activeInputField()
#5 C:\xampp\htdocs\FinalApp\protected\views\user\user.php(6): activeTextField()
#6 C:\NewFolder\yii\framework\web\CBaseController.php(126): require()
#7 C:\NewFolder\yii\framework\web\CBaseController.php(95): UserController->renderInternal()
#8 C:\NewFolder\yii\framework\web\CController.php(869): UserController->renderFile()
#9 C:\NewFolder\yii\framework\web\CController.php(782): UserController->renderPartial()
#10 C:\xampp\htdocs\FinalApp\protected\controllers\UserController.php(13): UserController->render()
#11 C:\NewFolder\yii\framework\web\actions\CInlineAction.php(49): UserController->actionUser()
#12 C:\NewFolder\yii\framework\web\CController.php(308): CInlineAction->runWithParams()
#13 C:\NewFolder\yii\framework\web\CController.php(286): UserController->runAction()
#14 C:\NewFolder\yii\framework\web\CController.php(265): UserController->runActionWithFilters()
#15 C:\NewFolder\yii\framework\web\CWebApplication.php(282): UserController->run()
#16 C:\NewFolder\yii\framework\web\CWebApplication.php(141): CWebApplication->runController()
#17 C:\NewFolder\yii\framework\base\CApplication.php(180): CWebApplication->processRequest()
#18 C:\xampp\htdocs\FinalApp\index.php(13): CWebApplication->run()
REQUEST_URI=/FinalApp/index.php/user/user
in C:\xampp\htdocs\FinalApp\protected\views\user\user.php (6)
in C:\xampp\htdocs\FinalApp\protected\controllers\UserController.php (13)
in C:\xampp\htdocs\FinalApp\index.php (13)
2019/03/06 07:09:51 [error] [php] include(authenticate.php): failed to open stream: No such file or directory (C:\NewFolder\yii\framework\YiiBase.php:427)
Stack trace:
#0 C:\NewFolder\yii\framework\validators\CValidator.php(186): import()
#1 C:\NewFolder\yii\framework\base\CModel.php(287): createValidator()
#2 C:\NewFolder\yii\framework\base\CModel.php(260): UserForm->createValidators()
#3 C:\NewFolder\yii\framework\web\helpers\CHtml.php(2236): UserForm->getValidators()
#4 C:\NewFolder\yii\framework\web\helpers\CHtml.php(1434): activeInputField()
#5 C:\xampp\htdocs\FinalApp\protected\views\user\user.php(6): activeTextField()
#6 C:\NewFolder\yii\framework\web\CBaseController.php(126): require()
#7 C:\NewFolder\yii\framework\web\CBaseController.php(95): UserController->renderInternal()
#8 C:\NewFolder\yii\framework\web\CController.php(869): UserController->renderFile()
#9 C:\NewFolder\yii\framework\web\CController.php(782): UserController->renderPartial()
#10 C:\xampp\htdocs\FinalApp\protected\controllers\UserController.php(13): UserController->render()
#11 C:\NewFolder\yii\framework\web\actions\CInlineAction.php(49): UserController->actionUser()
#12 C:\NewFolder\yii\framework\web\CController.php(308): CInlineAction->runWithParams()
#13 C:\NewFolder\yii\framework\web\CController.php(286): UserController->runAction()
#14 C:\NewFolder\yii\framework\web\CController.php(265): UserController->runActionWithFilters()
#15 C:\NewFolder\yii\framework\web\CWebApplication.php(282): UserController->run()
#16 C:\NewFolder\yii\framework\web\CWebApplication.php(141): CWebApplication->runController()
#17 C:\NewFolder\yii\framework\base\CApplication.php(180): CWebApplication->processRequest()
#18 C:\xampp\htdocs\FinalApp\index.php(13): CWebApplication->run()
REQUEST_URI=/FinalApp/index.php/user/user
in C:\xampp\htdocs\FinalApp\protected\views\user\user.php (6)
in C:\xampp\htdocs\FinalApp\protected\controllers\UserController.php (13)
in C:\xampp\htdocs\FinalApp\index.php (13)
2019/03/06 07:09:51 [error] [php] include(authenticate.php): failed to open stream: No such file or directory (C:\NewFolder\yii\framework\YiiBase.php:427)
Stack trace:
#0 C:\NewFolder\yii\framework\validators\CValidator.php(186): import()
#1 C:\NewFolder\yii\framework\base\CModel.php(287): createValidator()
#2 C:\NewFolder\yii\framework\base\CModel.php(260): UserForm->createValidators()
#3 C:\NewFolder\yii\framework\web\helpers\CHtml.php(2236): UserForm->getValidators()
#4 C:\NewFolder\yii\framework\web\helpers\CHtml.php(1434): activeInputField()
#5 C:\xampp\htdocs\FinalApp\protected\views\user\user.php(6): activeTextField()
#6 C:\NewFolder\yii\framework\web\CBaseController.php(126): require()
#7 C:\NewFolder\yii\framework\web\CBaseController.php(95): UserController->renderInternal()
#8 C:\NewFolder\yii\framework\web\CController.php(869): UserController->renderFile()
#9 C:\NewFolder\yii\framework\web\CController.php(782): UserController->renderPartial()
#10 C:\xampp\htdocs\FinalApp\protected\controllers\UserController.php(13): UserController->render()
#11 C:\NewFolder\yii\framework\web\actions\CInlineAction.php(49): UserController->actionUser()
#12 C:\NewFolder\yii\framework\web\CController.php(308): CInlineAction->runWithParams()
#13 C:\NewFolder\yii\framework\web\CController.php(286): UserController->runAction()
#14 C:\NewFolder\yii\framework\web\CController.php(265): UserController->runActionWithFilters()
#15 C:\NewFolder\yii\framework\web\CWebApplication.php(282): UserController->run()
#16 C:\NewFolder\yii\framework\web\CWebApplication.php(141): CWebApplication->runController()
#17 C:\NewFolder\yii\framework\base\CApplication.php(180): CWebApplication->processRequest()
#18 C:\xampp\htdocs\FinalApp\index.php(13): CWebApplication->run()
REQUEST_URI=/FinalApp/index.php/user/user
in C:\xampp\htdocs\FinalApp\protected\views\user\user.php (6)
in C:\xampp\htdocs\FinalApp\protected\controllers\UserController.php (13)
in C:\xampp\htdocs\FinalApp\index.php (13)
2019/03/06 07:09:52 [error] [php] include(authenticate.php): failed to open stream: No such file or directory (C:\NewFolder\yii\framework\YiiBase.php:427)
Stack trace:
#0 C:\NewFolder\yii\framework\validators\CValidator.php(186): import()
#1 C:\NewFolder\yii\framework\base\CModel.php(287): createValidator()
#2 C:\NewFolder\yii\framework\base\CModel.php(260): UserForm->createValidators()
#3 C:\NewFolder\yii\framework\web\helpers\CHtml.php(2236): UserForm->getValidators()
#4 C:\NewFolder\yii\framework\web\helpers\CHtml.php(1434): activeInputField()
#5 C:\xampp\htdocs\FinalApp\protected\views\user\user.php(6): activeTextField()
#6 C:\NewFolder\yii\framework\web\CBaseController.php(126): require()
#7 C:\NewFolder\yii\framework\web\CBaseController.php(95): UserController->renderInternal()
#8 C:\NewFolder\yii\framework\web\CController.php(869): UserController->renderFile()
#9 C:\NewFolder\yii\framework\web\CController.php(782): UserController->renderPartial()
#10 C:\xampp\htdocs\FinalApp\protected\controllers\UserController.php(13): UserController->render()
#11 C:\NewFolder\yii\framework\web\actions\CInlineAction.php(49): UserController->actionUser()
#12 C:\NewFolder\yii\framework\web\CController.php(308): CInlineAction->runWithParams()
#13 C:\NewFolder\yii\framework\web\CController.php(286): UserController->runAction()
#14 C:\NewFolder\yii\framework\web\CController.php(265): UserController->runActionWithFilters()
#15 C:\NewFolder\yii\framework\web\CWebApplication.php(282): UserController->run()
#16 C:\NewFolder\yii\framework\web\CWebApplication.php(141): CWebApplication->runController()
#17 C:\NewFolder\yii\framework\base\CApplication.php(180): CWebApplication->processRequest()
#18 C:\xampp\htdocs\FinalApp\index.php(13): CWebApplication->run()
REQUEST_URI=/FinalApp/index.php/user/user
in C:\xampp\htdocs\FinalApp\protected\views\user\user.php (6)
in C:\xampp\htdocs\FinalApp\protected\controllers\UserController.php (13)
in C:\xampp\htdocs\FinalApp\index.php (13)
2019/03/06 07:09:52 [error] [php] include(authenticate.php): failed to open stream: No such file or directory (C:\NewFolder\yii\framework\YiiBase.php:427)
Stack trace:
#0 C:\NewFolder\yii\framework\validators\CValidator.php(186): import()
#1 C:\NewFolder\yii\framework\base\CModel.php(287): createValidator()
#2 C:\NewFolder\yii\framework\base\CModel.php(260): UserForm->createValidators()
#3 C:\NewFolder\yii\framework\web\helpers\CHtml.php(2236): UserForm->getValidators()
#4 C:\NewFolder\yii\framework\web\helpers\CHtml.php(1434): activeInputField()
#5 C:\xampp\htdocs\FinalApp\protected\views\user\user.php(6): activeTextField()
#6 C:\NewFolder\yii\framework\web\CBaseController.php(126): require()
#7 C:\NewFolder\yii\framework\web\CBaseController.php(95): UserController->renderInternal()
#8 C:\NewFolder\yii\framework\web\CController.php(869): UserController->renderFile()
#9 C:\NewFolder\yii\framework\web\CController.php(782): UserController->renderPartial()
#10 C:\xampp\htdocs\FinalApp\protected\controllers\UserController.php(13): UserController->render()
#11 C:\NewFolder\yii\framework\web\actions\CInlineAction.php(49): UserController->actionUser()
#12 C:\NewFolder\yii\framework\web\CController.php(308): CInlineAction->runWithParams()
#13 C:\NewFolder\yii\framework\web\CController.php(286): UserController->runAction()
#14 C:\NewFolder\yii\framework\web\CController.php(265): UserController->runActionWithFilters()
#15 C:\NewFolder\yii\framework\web\CWebApplication.php(282): UserController->run()
#16 C:\NewFolder\yii\framework\web\CWebApplication.php(141): CWebApplication->runController()
#17 C:\NewFolder\yii\framework\base\CApplication.php(180): CWebApplication->processRequest()
#18 C:\xampp\htdocs\FinalApp\index.php(13): CWebApplication->run()
REQUEST_URI=/FinalApp/index.php/user/user
in C:\xampp\htdocs\FinalApp\protected\views\user\user.php (6)
in C:\xampp\htdocs\FinalApp\protected\controllers\UserController.php (13)
in C:\xampp\htdocs\FinalApp\index.php (13)
2019/03/06 07:09:52 [error] [php] include(authenticate.php): failed to open stream: No such file or directory (C:\NewFolder\yii\framework\YiiBase.php:427)
Stack trace:
#0 C:\NewFolder\yii\framework\validators\CValidator.php(186): import()
#1 C:\NewFolder\yii\framework\base\CModel.php(287): createValidator()
#2 C:\NewFolder\yii\framework\base\CModel.php(260): UserForm->createValidators()
#3 C:\NewFolder\yii\framework\web\helpers\CHtml.php(2236): UserForm->getValidators()
#4 C:\NewFolder\yii\framework\web\helpers\CHtml.php(1434): activeInputField()
#5 C:\xampp\htdocs\FinalApp\protected\views\user\user.php(6): activeTextField()
#6 C:\NewFolder\yii\framework\web\CBaseController.php(126): require()
#7 C:\NewFolder\yii\framework\web\CBaseController.php(95): UserController->renderInternal()
#8 C:\NewFolder\yii\framework\web\CController.php(869): UserController->renderFile()
#9 C:\NewFolder\yii\framework\web\CController.php(782): UserController->renderPartial()
#10 C:\xampp\htdocs\FinalApp\protected\controllers\UserController.php(13): UserController->render()
#11 C:\NewFolder\yii\framework\web\actions\CInlineAction.php(49): UserController->actionUser()
#12 C:\NewFolder\yii\framework\web\CController.php(308): CInlineAction->runWithParams()
#13 C:\NewFolder\yii\framework\web\CController.php(286): UserController->runAction()
#14 C:\NewFolder\yii\framework\web\CController.php(265): UserController->runActionWithFilters()
#15 C:\NewFolder\yii\framework\web\CWebApplication.php(282): UserController->run()
#16 C:\NewFolder\yii\framework\web\CWebApplication.php(141): CWebApplication->runController()
#17 C:\NewFolder\yii\framework\base\CApplication.php(180): CWebApplication->processRequest()
#18 C:\xampp\htdocs\FinalApp\index.php(13): CWebApplication->run()
REQUEST_URI=/FinalApp/index.php/user/user
in C:\xampp\htdocs\FinalApp\protected\views\user\user.php (6)
in C:\xampp\htdocs\FinalApp\protected\controllers\UserController.php (13)
in C:\xampp\htdocs\FinalApp\index.php (13)
2019/03/06 07:12:01 [error] [php] include(authenticate.php): failed to open stream: No such file or directory (C:\NewFolder\yii\framework\YiiBase.php:427)
Stack trace:
#0 C:\NewFolder\yii\framework\validators\CValidator.php(186): import()
#1 C:\NewFolder\yii\framework\base\CModel.php(287): createValidator()
#2 C:\NewFolder\yii\framework\base\CModel.php(260): UserForm->createValidators()
#3 C:\NewFolder\yii\framework\web\helpers\CHtml.php(2236): UserForm->getValidators()
#4 C:\NewFolder\yii\framework\web\helpers\CHtml.php(1434): activeInputField()
#5 C:\xampp\htdocs\FinalApp\protected\views\user\user.php(6): activeTextField()
#6 C:\NewFolder\yii\framework\web\CBaseController.php(126): require()
#7 C:\NewFolder\yii\framework\web\CBaseController.php(95): UserController->renderInternal()
#8 C:\NewFolder\yii\framework\web\CController.php(869): UserController->renderFile()
#9 C:\NewFolder\yii\framework\web\CController.php(782): UserController->renderPartial()
#10 C:\xampp\htdocs\FinalApp\protected\controllers\UserController.php(13): UserController->render()
#11 C:\NewFolder\yii\framework\web\actions\CInlineAction.php(49): UserController->actionUser()
#12 C:\NewFolder\yii\framework\web\CController.php(308): CInlineAction->runWithParams()
#13 C:\NewFolder\yii\framework\web\CController.php(286): UserController->runAction()
#14 C:\NewFolder\yii\framework\web\CController.php(265): UserController->runActionWithFilters()
#15 C:\NewFolder\yii\framework\web\CWebApplication.php(282): UserController->run()
#16 C:\NewFolder\yii\framework\web\CWebApplication.php(141): CWebApplication->runController()
#17 C:\NewFolder\yii\framework\base\CApplication.php(180): CWebApplication->processRequest()
#18 C:\xampp\htdocs\FinalApp\index.php(13): CWebApplication->run()
REQUEST_URI=/FinalApp/index.php/user/user
in C:\xampp\htdocs\FinalApp\protected\views\user\user.php (6)
in C:\xampp\htdocs\FinalApp\protected\controllers\UserController.php (13)
in C:\xampp\htdocs\FinalApp\index.php (13)
2019/03/06 07:58:18 [error] [exception.CHttpException.404] CHttpException: The system is unable to find the requested action "regi". in C:\NewFolder\yii\framework\web\CController.php:483
Stack trace:
#0 C:\NewFolder\yii\framework\web\CController.php(270): CController->missingAction('regi')
#1 C:\NewFolder\yii\framework\web\CWebApplication.php(282): CController->run('regi')
#2 C:\NewFolder\yii\framework\web\CWebApplication.php(141): CWebApplication->runController('register/regi')
#3 C:\NewFolder\yii\framework\base\CApplication.php(180): CWebApplication->processRequest()
#4 C:\xampp\htdocs\FinalApp\index.php(13): CApplication->run()
#5 {main}
REQUEST_URI=/FinalApp/index.php/register/regi
---
2019/03/06 08:08:58 [error] [exception.CHttpException.404] CHttpException: The system is unable to find the requested action "index". in C:\NewFolder\yii\framework\web\CController.php:483
Stack trace:
#0 C:\NewFolder\yii\framework\web\CController.php(270): CController->missingAction('')
#1 C:\NewFolder\yii\framework\web\CWebApplication.php(282): CController->run('')
#2 C:\NewFolder\yii\framework\web\CWebApplication.php(141): CWebApplication->runController('register')
#3 C:\NewFolder\yii\framework\base\CApplication.php(180): CWebApplication->processRequest()
#4 C:\xampp\htdocs\FinalApp\index.php(13): CApplication->run()
#5 {main}
REQUEST_URI=/FinalApp/index.php/register
---
2019/03/06 08:09:15 [error] [exception.CHttpException.404] CHttpException: The system is unable to find the requested action "index". in C:\NewFolder\yii\framework\web\CController.php:483
Stack trace:
#0 C:\NewFolder\yii\framework\web\CController.php(270): CController->missingAction('')
#1 C:\NewFolder\yii\framework\web\CWebApplication.php(282): CController->run('')
#2 C:\NewFolder\yii\framework\web\CWebApplication.php(141): CWebApplication->runController('register')
#3 C:\NewFolder\yii\framework\base\CApplication.php(180): CWebApplication->processRequest()
#4 C:\xampp\htdocs\FinalApp\index.php(13): CApplication->run()
#5 {main}
REQUEST_URI=/FinalApp/index.php/register
---
2019/03/06 08:09:29 [error] [exception.CHttpException.404] CHttpException: The system is unable to find the requested action "ins". in C:\NewFolder\yii\framework\web\CController.php:483
Stack trace:
#0 C:\NewFolder\yii\framework\web\CController.php(270): CController->missingAction('ins')
#1 C:\NewFolder\yii\framework\web\CWebApplication.php(282): CController->run('ins')
#2 C:\NewFolder\yii\framework\web\CWebApplication.php(141): CWebApplication->runController('register/ins')
#3 C:\NewFolder\yii\framework\base\CApplication.php(180): CWebApplication->processRequest()
#4 C:\xampp\htdocs\FinalApp\index.php(13): CApplication->run()
#5 {main}
REQUEST_URI=/FinalApp/index.php/register/ins?view=ins
---
2019/03/06 08:10:06 [error] [exception.CHttpException.404] CHttpException: The system is unable to find the requested action "index". in C:\NewFolder\yii\framework\web\CController.php:483
Stack trace:
#0 C:\NewFolder\yii\framework\web\CController.php(270): CController->missingAction('')
#1 C:\NewFolder\yii\framework\web\CWebApplication.php(282): CController->run('')
#2 C:\NewFolder\yii\framework\web\CWebApplication.php(141): CWebApplication->runController('register')
#3 C:\NewFolder\yii\framework\base\CApplication.php(180): CWebApplication->processRequest()
#4 C:\xampp\htdocs\FinalApp\index.php(13): CApplication->run()
#5 {main}
REQUEST_URI=/FinalApp/index.php/register
---
2019/03/06 08:11:34 [error] [exception.CHttpException.404] CHttpException: Unable to resolve the request "register.php". in C:\NewFolder\yii\framework\web\CWebApplication.php:286
Stack trace:
#0 C:\NewFolder\yii\framework\web\CWebApplication.php(141): CWebApplication->runController('register.php')
#1 C:\NewFolder\yii\framework\base\CApplication.php(180): CWebApplication->processRequest()
#2 C:\xampp\htdocs\FinalApp\index.php(13): CApplication->run()
#3 {main}
REQUEST_URI=/FinalApp/index.php/register.php
---
2019/03/06 08:12:10 [error] [exception.CHttpException.404] CHttpException: The system is unable to find the requested action "registe". in C:\NewFolder\yii\framework\web\CController.php:483
Stack trace:
#0 C:\NewFolder\yii\framework\web\CController.php(270): CController->missingAction('registe')
#1 C:\NewFolder\yii\framework\web\CWebApplication.php(282): CController->run('registe')
#2 C:\NewFolder\yii\framework\web\CWebApplication.php(141): CWebApplication->runController('register/regist...')
#3 C:\NewFolder\yii\framework\base\CApplication.php(180): CWebApplication->processRequest()
#4 C:\xampp\htdocs\FinalApp\index.php(13): CApplication->run()
#5 {main}
REQUEST_URI=/FinalApp/index.php/register/registe
---
